2024-10-05 01:55:46 [background-preinit] INFO  o.h.validator.internal.util.Version - HV000001: Hibernate Validator 8.0.1.Final
2024-10-05 01:55:46 [restartedMain] INFO  com.demo.folder.App - Starting App using Java 17.0.11 with PID 33722 (/Users/ilialataria/Desktop/task3_spring/gymcCRM/build/classes/java/main started by ilialataria in /Users/ilialataria/Desktop/task3_spring/gymcCRM)
2024-10-05 01:55:46 [restartedMain] INFO  com.demo.folder.App - The following 1 profile is active: "local"
2024-10-05 01:55:46 [restartedMain] INFO  o.s.b.d.e.DevToolsPropertyDefaultsPostProcessor - Devtools property defaults active! Set 'spring.devtools.add-properties' to 'false' to disable
2024-10-05 01:55:46 [restartedMain] INFO  o.s.b.d.e.DevToolsPropertyDefaultsPostProcessor - For additional web related logging consider setting the 'logging.level.web' property to 'DEBUG'
2024-10-05 01:55:47 [restartedMain] INFO  o.s.b.w.e.tomcat.TomcatWebServer - Tomcat initialized with port(s): 8080 (http)
2024-10-05 01:55:47 [restartedMain] INFO  o.a.coyote.http11.Http11NioProtocol - Initializing ProtocolHandler ["http-nio-8080"]
2024-10-05 01:55:47 [restartedMain] INFO  o.a.catalina.core.StandardService - Starting service [Tomcat]
2024-10-05 01:55:47 [restartedMain] INFO  o.a.catalina.core.StandardEngine - Starting Servlet engine: [Apache Tomcat/10.1.12]
2024-10-05 01:55:47 [restartedMain] INFO  o.a.c.c.C.[Tomcat].[localhost].[/] - Initializing Spring embedded WebApplicationContext
2024-10-05 01:55:47 [restartedMain] INFO  o.s.b.w.s.c.ServletWebServerApplicationContext - Root WebApplicationContext: initialization completed in 1125 ms
2024-10-05 01:55:47 [restartedMain] INFO  c.d.f.config.profiles.LocalConfig - Local Configuration is active
2024-10-05 01:55:47 [restartedMain] INFO  c.d.f.config.profiles.LocalConfig - Setting up DataSource for STAGING environment
2024-10-05 01:55:47 [restartedMain] INFO  c.d.f.config.profiles.LocalConfig - DB URL: jdbc:h2:mem:localdb;DB_CLOSE_DELAY=-1
2024-10-05 01:55:47 [restartedMain] INFO  c.d.f.config.profiles.LocalConfig - DB Username: sa
2024-10-05 01:55:47 [restartedMain] INFO  o.s.b.a.h.H2ConsoleAutoConfiguration - H2 console available at '/h2-console'. Database available at 'jdbc:h2:mem:localdb'
2024-10-05 01:55:47 [restartedMain] INFO  org.hibernate.Version - HHH000412: Hibernate ORM core version 6.2.0.Final
2024-10-05 01:55:47 [restartedMain] INFO  org.hibernate.cfg.Environment - HHH000406: Using bytecode reflection optimizer
2024-10-05 01:55:48 [restartedMain] INFO  SQL dialect - HHH000400: Using dialect: org.hibernate.dialect.H2Dialect
2024-10-05 01:55:48 [restartedMain] INFO  o.h.b.i.BytecodeProviderInitiator - HHH000021: Bytecode provider name : bytebuddy
2024-10-05 01:55:48 [restartedMain] INFO  o.h.e.t.j.p.i.JtaPlatformInitiator - HHH000490: Using JtaPlatform implementation: [org.hibernate.engine.transaction.jta.platform.internal.NoJtaPlatform]
2024-10-05 01:55:48 [restartedMain] INFO  c.demo.folder.service.TraineeService - TraineeService initialized.
2024-10-05 01:55:49 [restartedMain] INFO  c.d.f.health.EnvProfileServiceCheck - Currently active profile - [local]
2024-10-05 01:55:49 [restartedMain] INFO  o.s.s.web.DefaultSecurityFilterChain - Will secure any request with [org.springframework.security.web.session.DisableEncodeUrlFilter@5ecbece9, org.springframework.security.web.context.request.async.WebAsyncManagerIntegrationFilter@41e0b06c, org.springframework.security.web.context.SecurityContextHolderFilter@1ff0bc06, org.springframework.security.web.header.HeaderWriterFilter@e22c228, org.springframework.security.web.authentication.logout.LogoutFilter@67f56da1, org.springframework.security.web.authentication.UsernamePasswordAuthenticationFilter@57691bbf, org.springframework.security.web.savedrequest.RequestCacheAwareFilter@233ea9d2, org.springframework.security.web.servletapi.SecurityContextHolderAwareRequestFilter@532a75e7, org.springframework.security.web.authentication.AnonymousAuthenticationFilter@6fbb3a76, org.springframework.security.web.session.SessionManagementFilter@6834b856, org.springframework.security.web.access.ExceptionTranslationFilter@2f5a8578, org.springframework.security.web.access.intercept.AuthorizationFilter@94250d7]
2024-10-05 01:55:49 [restartedMain] INFO  o.s.b.d.a.OptionalLiveReloadServer - LiveReload server is running on port 35729
2024-10-05 01:55:49 [restartedMain] INFO  o.s.b.a.e.web.EndpointLinksResolver - Exposing 3 endpoint(s) beneath base path '/actuator'
2024-10-05 01:55:49 [restartedMain] INFO  o.a.coyote.http11.Http11NioProtocol - Starting ProtocolHandler ["http-nio-8080"]
2024-10-05 01:55:49 [restartedMain] INFO  o.s.b.w.e.tomcat.TomcatWebServer - Tomcat started on port(s): 8080 (http) with context path ''
2024-10-05 01:55:49 [restartedMain] INFO  com.demo.folder.App - Started App in 3.214 seconds (process running for 3.79)
2024-10-05 01:55:50 [RMI TCP Connection(3)-192.168.1.123] INFO  o.a.c.c.C.[Tomcat].[localhost].[/] - Initializing Spring DispatcherServlet 'dispatcherServlet'
2024-10-05 01:55:50 [RMI TCP Connection(3)-192.168.1.123] INFO  o.s.web.servlet.DispatcherServlet - Initializing Servlet 'dispatcherServlet'
2024-10-05 01:55:50 [RMI TCP Connection(3)-192.168.1.123] INFO  o.s.web.servlet.DispatcherServlet - Completed initialization in 1 ms
2024-10-05 01:55:50 [http-nio-8080-exec-1] INFO  c.d.f.trainsaction.TransactionFilter - Starting transaction with ID: 1eea3d42-8793-4a30-b38e-a8b35d2670fc
2024-10-05 01:55:50 [http-nio-8080-exec-1] INFO  c.d.f.t.RequestLoggingInterceptor - Transaction ID: 1eea3d42-8793-4a30-b38e-a8b35d2670fc | Incoming request: GET /swagger-ui/index.html
2024-10-05 01:55:50 [http-nio-8080-exec-1] INFO  c.d.f.t.RequestLoggingInterceptor - Transaction ID: 1eea3d42-8793-4a30-b38e-a8b35d2670fc | Response status: 200
2024-10-05 01:55:50 [http-nio-8080-exec-1] INFO  c.d.f.trainsaction.TransactionFilter - Transaction with ID: 1eea3d42-8793-4a30-b38e-a8b35d2670fc completed.
2024-10-05 01:55:50 [http-nio-8080-exec-2] INFO  c.d.f.trainsaction.TransactionFilter - Starting transaction with ID: c1ec0cb3-0174-4845-8fba-d7f070e022d2
2024-10-05 01:55:50 [http-nio-8080-exec-2] INFO  c.d.f.t.RequestLoggingInterceptor - Transaction ID: c1ec0cb3-0174-4845-8fba-d7f070e022d2 | Incoming request: GET /swagger-ui/swagger-ui.css
2024-10-05 01:55:50 [http-nio-8080-exec-4] INFO  c.d.f.trainsaction.TransactionFilter - Starting transaction with ID: 41b2767c-a5ce-495d-86d1-c34d3ce7b0df
2024-10-05 01:55:50 [http-nio-8080-exec-5] INFO  c.d.f.trainsaction.TransactionFilter - Starting transaction with ID: 9b3c8794-3153-4dcf-8df0-96847fc43d1f
2024-10-05 01:55:50 [http-nio-8080-exec-4] INFO  c.d.f.t.RequestLoggingInterceptor - Transaction ID: 41b2767c-a5ce-495d-86d1-c34d3ce7b0df | Incoming request: GET /swagger-ui/swagger-ui-standalone-preset.js
2024-10-05 01:55:50 [http-nio-8080-exec-3] INFO  c.d.f.trainsaction.TransactionFilter - Starting transaction with ID: d6e915d9-fa21-4d16-834d-5ca52258029b
2024-10-05 01:55:50 [http-nio-8080-exec-3] INFO  c.d.f.t.RequestLoggingInterceptor - Transaction ID: d6e915d9-fa21-4d16-834d-5ca52258029b | Incoming request: GET /swagger-ui/index.css
2024-10-05 01:55:50 [http-nio-8080-exec-5] INFO  c.d.f.t.RequestLoggingInterceptor - Transaction ID: 9b3c8794-3153-4dcf-8df0-96847fc43d1f | Incoming request: GET /swagger-ui/swagger-ui-bundle.js
2024-10-05 01:55:50 [http-nio-8080-exec-2] INFO  c.d.f.t.RequestLoggingInterceptor - Transaction ID: c1ec0cb3-0174-4845-8fba-d7f070e022d2 | Response status: 200
2024-10-05 01:55:50 [http-nio-8080-exec-2] INFO  c.d.f.trainsaction.TransactionFilter - Transaction with ID: c1ec0cb3-0174-4845-8fba-d7f070e022d2 completed.
2024-10-05 01:55:50 [http-nio-8080-exec-3] INFO  c.d.f.t.RequestLoggingInterceptor - Transaction ID: d6e915d9-fa21-4d16-834d-5ca52258029b | Response status: 200
2024-10-05 01:55:50 [http-nio-8080-exec-6] INFO  c.d.f.trainsaction.TransactionFilter - Starting transaction with ID: d83eb395-87d6-4eae-b7f3-e36e2a840c1d
2024-10-05 01:55:50 [http-nio-8080-exec-3] INFO  c.d.f.trainsaction.TransactionFilter - Transaction with ID: d6e915d9-fa21-4d16-834d-5ca52258029b completed.
2024-10-05 01:55:50 [http-nio-8080-exec-6] INFO  c.d.f.t.RequestLoggingInterceptor - Transaction ID: d83eb395-87d6-4eae-b7f3-e36e2a840c1d | Incoming request: GET /swagger-ui/swagger-initializer.js
2024-10-05 01:55:50 [http-nio-8080-exec-4] INFO  c.d.f.t.RequestLoggingInterceptor - Transaction ID: 41b2767c-a5ce-495d-86d1-c34d3ce7b0df | Response status: 200
2024-10-05 01:55:50 [http-nio-8080-exec-4] INFO  c.d.f.trainsaction.TransactionFilter - Transaction with ID: 41b2767c-a5ce-495d-86d1-c34d3ce7b0df completed.
2024-10-05 01:55:50 [http-nio-8080-exec-6] INFO  c.d.f.t.RequestLoggingInterceptor - Transaction ID: d83eb395-87d6-4eae-b7f3-e36e2a840c1d | Response status: 200
2024-10-05 01:55:50 [http-nio-8080-exec-6] INFO  c.d.f.trainsaction.TransactionFilter - Transaction with ID: d83eb395-87d6-4eae-b7f3-e36e2a840c1d completed.
2024-10-05 01:55:50 [http-nio-8080-exec-5] INFO  c.d.f.t.RequestLoggingInterceptor - Transaction ID: 9b3c8794-3153-4dcf-8df0-96847fc43d1f | Response status: 200
2024-10-05 01:55:50 [http-nio-8080-exec-5] INFO  c.d.f.trainsaction.TransactionFilter - Transaction with ID: 9b3c8794-3153-4dcf-8df0-96847fc43d1f completed.
2024-10-05 01:55:50 [http-nio-8080-exec-7] INFO  c.d.f.trainsaction.TransactionFilter - Starting transaction with ID: baf284ac-c6fd-4ee5-b590-9e20d49aba70
2024-10-05 01:55:50 [http-nio-8080-exec-8] INFO  c.d.f.trainsaction.TransactionFilter - Starting transaction with ID: 1c825e96-03e0-4620-92ca-48de786803f3
2024-10-05 01:55:50 [http-nio-8080-exec-8] INFO  c.d.f.t.RequestLoggingInterceptor - Transaction ID: 1c825e96-03e0-4620-92ca-48de786803f3 | Incoming request: GET /swagger-ui/favicon-32x32.png
2024-10-05 01:55:50 [http-nio-8080-exec-7] INFO  c.d.f.t.RequestLoggingInterceptor - Transaction ID: baf284ac-c6fd-4ee5-b590-9e20d49aba70 | Incoming request: GET /v3/api-docs/swagger-config
2024-10-05 01:55:50 [http-nio-8080-exec-8] INFO  c.d.f.t.RequestLoggingInterceptor - Transaction ID: 1c825e96-03e0-4620-92ca-48de786803f3 | Response status: 200
2024-10-05 01:55:50 [http-nio-8080-exec-8] INFO  c.d.f.trainsaction.TransactionFilter - Transaction with ID: 1c825e96-03e0-4620-92ca-48de786803f3 completed.
2024-10-05 01:55:50 [http-nio-8080-exec-7] INFO  c.d.f.t.RequestLoggingInterceptor - Transaction ID: baf284ac-c6fd-4ee5-b590-9e20d49aba70 | Response status: 200
2024-10-05 01:55:50 [http-nio-8080-exec-7] INFO  c.d.f.trainsaction.TransactionFilter - Transaction with ID: baf284ac-c6fd-4ee5-b590-9e20d49aba70 completed.
2024-10-05 01:55:50 [http-nio-8080-exec-9] INFO  c.d.f.trainsaction.TransactionFilter - Starting transaction with ID: e752d65d-63e4-42b9-a4c7-4446a0b555d7
2024-10-05 01:55:50 [http-nio-8080-exec-9] INFO  c.d.f.t.RequestLoggingInterceptor - Transaction ID: e752d65d-63e4-42b9-a4c7-4446a0b555d7 | Incoming request: GET /v3/api-docs
2024-10-05 01:55:50 [http-nio-8080-exec-9] INFO  o.s.api.AbstractOpenApiResource - Init duration for springdoc-openapi is: 156 ms
2024-10-05 01:55:50 [http-nio-8080-exec-9] INFO  c.d.f.t.RequestLoggingInterceptor - Transaction ID: e752d65d-63e4-42b9-a4c7-4446a0b555d7 | Response status: 200
2024-10-05 01:55:50 [http-nio-8080-exec-9] INFO  c.d.f.trainsaction.TransactionFilter - Transaction with ID: e752d65d-63e4-42b9-a4c7-4446a0b555d7 completed.
2024-10-05 02:01:10 [SpringApplicationShutdownHook] WARN  c.d.f.cleanup.CredentialFileCleanup - File not found, cannot delete: /Users/ilialataria/Desktop/task3_spring/gymcCRM/trainee_credentials.txt
2024-10-05 02:01:10 [SpringApplicationShutdownHook] WARN  c.d.f.cleanup.CredentialFileCleanup - File not found, cannot delete: /Users/ilialataria/Desktop/task3_spring/gymcCRM/trainer_credentials.txt
2024-10-05 02:01:35 [background-preinit] INFO  o.h.validator.internal.util.Version - HV000001: Hibernate Validator 8.0.1.Final
2024-10-05 02:01:35 [restartedMain] INFO  com.demo.folder.App - Starting App using Java 17.0.11 with PID 33845 (/Users/ilialataria/Desktop/task3_spring/gymcCRM/build/classes/java/main started by ilialataria in /Users/ilialataria/Desktop/task3_spring/gymcCRM)
2024-10-05 02:01:35 [restartedMain] INFO  com.demo.folder.App - The following 1 profile is active: "local"
2024-10-05 02:01:35 [restartedMain] INFO  o.s.b.d.e.DevToolsPropertyDefaultsPostProcessor - Devtools property defaults active! Set 'spring.devtools.add-properties' to 'false' to disable
2024-10-05 02:01:35 [restartedMain] INFO  o.s.b.d.e.DevToolsPropertyDefaultsPostProcessor - For additional web related logging consider setting the 'logging.level.web' property to 'DEBUG'
2024-10-05 02:01:36 [restartedMain] INFO  o.s.b.w.e.tomcat.TomcatWebServer - Tomcat initialized with port(s): 8080 (http)
2024-10-05 02:01:36 [restartedMain] INFO  o.a.coyote.http11.Http11NioProtocol - Initializing ProtocolHandler ["http-nio-8080"]
2024-10-05 02:01:36 [restartedMain] INFO  o.a.catalina.core.StandardService - Starting service [Tomcat]
2024-10-05 02:01:36 [restartedMain] INFO  o.a.catalina.core.StandardEngine - Starting Servlet engine: [Apache Tomcat/10.1.12]
2024-10-05 02:01:36 [restartedMain] INFO  o.a.c.c.C.[Tomcat].[localhost].[/] - Initializing Spring embedded WebApplicationContext
2024-10-05 02:01:36 [restartedMain] INFO  o.s.b.w.s.c.ServletWebServerApplicationContext - Root WebApplicationContext: initialization completed in 871 ms
2024-10-05 02:01:36 [restartedMain] INFO  c.d.f.config.profiles.LocalConfig - Local Configuration is active
2024-10-05 02:01:36 [restartedMain] INFO  c.d.f.config.profiles.LocalConfig - Setting up DataSource for STAGING environment
2024-10-05 02:01:36 [restartedMain] INFO  c.d.f.config.profiles.LocalConfig - DB URL: jdbc:h2:mem:localdb;DB_CLOSE_DELAY=-1
2024-10-05 02:01:36 [restartedMain] INFO  c.d.f.config.profiles.LocalConfig - DB Username: sa
2024-10-05 02:01:36 [restartedMain] INFO  o.s.b.a.h.H2ConsoleAutoConfiguration - H2 console available at '/h2-console'. Database available at 'jdbc:h2:mem:localdb'
2024-10-05 02:01:36 [restartedMain] INFO  org.hibernate.Version - HHH000412: Hibernate ORM core version 6.2.0.Final
2024-10-05 02:01:36 [restartedMain] INFO  org.hibernate.cfg.Environment - HHH000406: Using bytecode reflection optimizer
2024-10-05 02:01:37 [restartedMain] INFO  SQL dialect - HHH000400: Using dialect: org.hibernate.dialect.H2Dialect
2024-10-05 02:01:37 [restartedMain] INFO  o.h.b.i.BytecodeProviderInitiator - HHH000021: Bytecode provider name : bytebuddy
2024-10-05 02:01:37 [restartedMain] INFO  o.h.e.t.j.p.i.JtaPlatformInitiator - HHH000490: Using JtaPlatform implementation: [org.hibernate.engine.transaction.jta.platform.internal.NoJtaPlatform]
2024-10-05 02:01:37 [restartedMain] INFO  c.demo.folder.service.TraineeService - TraineeService initialized.
2024-10-05 02:01:37 [restartedMain] INFO  c.d.f.health.EnvProfileServiceCheck - Currently active profile - [local]
2024-10-05 02:01:37 [restartedMain] INFO  o.s.s.web.DefaultSecurityFilterChain - Will secure any request with [org.springframework.security.web.session.DisableEncodeUrlFilter@1e185dec, org.springframework.security.web.context.request.async.WebAsyncManagerIntegrationFilter@5842e997, org.springframework.security.web.context.SecurityContextHolderFilter@2f55b5ff, org.springframework.security.web.header.HeaderWriterFilter@6e511200, org.springframework.security.web.authentication.logout.LogoutFilter@da494a, org.springframework.security.web.authentication.UsernamePasswordAuthenticationFilter@67843313, org.springframework.security.web.savedrequest.RequestCacheAwareFilter@429f928f, org.springframework.security.web.servletapi.SecurityContextHolderAwareRequestFilter@5f461350, org.springframework.security.web.authentication.AnonymousAuthenticationFilter@6849cac4, org.springframework.security.web.session.SessionManagementFilter@2b7a423d, org.springframework.security.web.access.ExceptionTranslationFilter@7f211df3, org.springframework.security.web.access.intercept.AuthorizationFilter@4da5c792]
2024-10-05 02:01:38 [restartedMain] INFO  o.s.b.d.a.OptionalLiveReloadServer - LiveReload server is running on port 35729
2024-10-05 02:01:38 [restartedMain] INFO  o.s.b.a.e.web.EndpointLinksResolver - Exposing 3 endpoint(s) beneath base path '/actuator'
2024-10-05 02:01:38 [restartedMain] INFO  o.a.coyote.http11.Http11NioProtocol - Starting ProtocolHandler ["http-nio-8080"]
2024-10-05 02:01:38 [restartedMain] INFO  o.s.b.w.e.tomcat.TomcatWebServer - Tomcat started on port(s): 8080 (http) with context path ''
2024-10-05 02:01:38 [restartedMain] INFO  com.demo.folder.App - Started App in 2.572 seconds (process running for 2.969)
2024-10-05 02:01:38 [RMI TCP Connection(2)-192.168.1.123] INFO  o.a.c.c.C.[Tomcat].[localhost].[/] - Initializing Spring DispatcherServlet 'dispatcherServlet'
2024-10-05 02:01:38 [RMI TCP Connection(2)-192.168.1.123] INFO  o.s.web.servlet.DispatcherServlet - Initializing Servlet 'dispatcherServlet'
2024-10-05 02:01:38 [RMI TCP Connection(2)-192.168.1.123] INFO  o.s.web.servlet.DispatcherServlet - Completed initialization in 1 ms
2024-10-05 02:01:40 [http-nio-8080-exec-1] INFO  c.d.f.trainsaction.TransactionFilter - Starting transaction with ID: 1a66a147-6802-4109-8f7a-357e37b9c615
2024-10-05 02:01:40 [http-nio-8080-exec-1] INFO  c.d.f.t.RequestLoggingInterceptor - Transaction ID: 1a66a147-6802-4109-8f7a-357e37b9c615 | Incoming request: GET /swagger-ui/index.html
2024-10-05 02:01:40 [http-nio-8080-exec-1] INFO  c.d.f.t.RequestLoggingInterceptor - Transaction ID: 1a66a147-6802-4109-8f7a-357e37b9c615 | Response status: 200
2024-10-05 02:01:40 [http-nio-8080-exec-1] INFO  c.d.f.trainsaction.TransactionFilter - Transaction with ID: 1a66a147-6802-4109-8f7a-357e37b9c615 completed.
2024-10-05 02:01:40 [http-nio-8080-exec-2] INFO  c.d.f.trainsaction.TransactionFilter - Starting transaction with ID: e8829981-8607-4867-bc9a-1397235b83ca
2024-10-05 02:01:40 [http-nio-8080-exec-6] INFO  c.d.f.trainsaction.TransactionFilter - Starting transaction with ID: 96f26e3a-b223-4c7d-a22f-3dde70383518
2024-10-05 02:01:40 [http-nio-8080-exec-5] INFO  c.d.f.trainsaction.TransactionFilter - Starting transaction with ID: c70a23b8-d06c-4a0e-aa1d-bc1211c7fc58
2024-10-05 02:01:40 [http-nio-8080-exec-6] INFO  c.d.f.t.RequestLoggingInterceptor - Transaction ID: 96f26e3a-b223-4c7d-a22f-3dde70383518 | Incoming request: GET /swagger-ui/swagger-initializer.js
2024-10-05 02:01:40 [http-nio-8080-exec-2] INFO  c.d.f.t.RequestLoggingInterceptor - Transaction ID: e8829981-8607-4867-bc9a-1397235b83ca | Incoming request: GET /swagger-ui/swagger-ui.css
2024-10-05 02:01:40 [http-nio-8080-exec-3] INFO  c.d.f.trainsaction.TransactionFilter - Starting transaction with ID: 1218e79a-fdc3-4833-a0b1-321355f102bc
2024-10-05 02:01:40 [http-nio-8080-exec-5] INFO  c.d.f.t.RequestLoggingInterceptor - Transaction ID: c70a23b8-d06c-4a0e-aa1d-bc1211c7fc58 | Incoming request: GET /swagger-ui/swagger-ui-standalone-preset.js
2024-10-05 02:01:40 [http-nio-8080-exec-4] INFO  c.d.f.trainsaction.TransactionFilter - Starting transaction with ID: 8d3ad14d-eb3a-4f1c-86f6-28d8f69d624f
2024-10-05 02:01:40 [http-nio-8080-exec-4] INFO  c.d.f.t.RequestLoggingInterceptor - Transaction ID: 8d3ad14d-eb3a-4f1c-86f6-28d8f69d624f | Incoming request: GET /swagger-ui/swagger-ui-bundle.js
2024-10-05 02:01:40 [http-nio-8080-exec-3] INFO  c.d.f.t.RequestLoggingInterceptor - Transaction ID: 1218e79a-fdc3-4833-a0b1-321355f102bc | Incoming request: GET /swagger-ui/index.css
2024-10-05 02:01:40 [http-nio-8080-exec-2] INFO  c.d.f.t.RequestLoggingInterceptor - Transaction ID: e8829981-8607-4867-bc9a-1397235b83ca | Response status: 200
2024-10-05 02:01:40 [http-nio-8080-exec-2] INFO  c.d.f.trainsaction.TransactionFilter - Transaction with ID: e8829981-8607-4867-bc9a-1397235b83ca completed.
2024-10-05 02:01:40 [http-nio-8080-exec-3] INFO  c.d.f.t.RequestLoggingInterceptor - Transaction ID: 1218e79a-fdc3-4833-a0b1-321355f102bc | Response status: 200
2024-10-05 02:01:40 [http-nio-8080-exec-3] INFO  c.d.f.trainsaction.TransactionFilter - Transaction with ID: 1218e79a-fdc3-4833-a0b1-321355f102bc completed.
2024-10-05 02:01:40 [http-nio-8080-exec-5] INFO  c.d.f.t.RequestLoggingInterceptor - Transaction ID: c70a23b8-d06c-4a0e-aa1d-bc1211c7fc58 | Response status: 200
2024-10-05 02:01:40 [http-nio-8080-exec-5] INFO  c.d.f.trainsaction.TransactionFilter - Transaction with ID: c70a23b8-d06c-4a0e-aa1d-bc1211c7fc58 completed.
2024-10-05 02:01:40 [http-nio-8080-exec-6] INFO  c.d.f.t.RequestLoggingInterceptor - Transaction ID: 96f26e3a-b223-4c7d-a22f-3dde70383518 | Response status: 200
2024-10-05 02:01:40 [http-nio-8080-exec-6] INFO  c.d.f.trainsaction.TransactionFilter - Transaction with ID: 96f26e3a-b223-4c7d-a22f-3dde70383518 completed.
2024-10-05 02:01:40 [http-nio-8080-exec-4] INFO  c.d.f.t.RequestLoggingInterceptor - Transaction ID: 8d3ad14d-eb3a-4f1c-86f6-28d8f69d624f | Response status: 200
2024-10-05 02:01:40 [http-nio-8080-exec-4] INFO  c.d.f.trainsaction.TransactionFilter - Transaction with ID: 8d3ad14d-eb3a-4f1c-86f6-28d8f69d624f completed.
2024-10-05 02:01:40 [http-nio-8080-exec-2] INFO  c.d.f.trainsaction.TransactionFilter - Starting transaction with ID: 1e9eec67-acc6-4c5d-ba3a-15b5358c4937
2024-10-05 02:01:40 [http-nio-8080-exec-3] INFO  c.d.f.trainsaction.TransactionFilter - Starting transaction with ID: ee53830c-876d-4636-9987-c476abd55284
2024-10-05 02:01:40 [http-nio-8080-exec-3] INFO  c.d.f.t.RequestLoggingInterceptor - Transaction ID: ee53830c-876d-4636-9987-c476abd55284 | Incoming request: GET /swagger-ui/favicon-32x32.png
2024-10-05 02:01:40 [http-nio-8080-exec-2] INFO  c.d.f.t.RequestLoggingInterceptor - Transaction ID: 1e9eec67-acc6-4c5d-ba3a-15b5358c4937 | Incoming request: GET /v3/api-docs/swagger-config
2024-10-05 02:01:40 [http-nio-8080-exec-3] INFO  c.d.f.t.RequestLoggingInterceptor - Transaction ID: ee53830c-876d-4636-9987-c476abd55284 | Response status: 200
2024-10-05 02:01:40 [http-nio-8080-exec-3] INFO  c.d.f.trainsaction.TransactionFilter - Transaction with ID: ee53830c-876d-4636-9987-c476abd55284 completed.
2024-10-05 02:01:40 [http-nio-8080-exec-2] INFO  c.d.f.t.RequestLoggingInterceptor - Transaction ID: 1e9eec67-acc6-4c5d-ba3a-15b5358c4937 | Response status: 200
2024-10-05 02:01:40 [http-nio-8080-exec-2] INFO  c.d.f.trainsaction.TransactionFilter - Transaction with ID: 1e9eec67-acc6-4c5d-ba3a-15b5358c4937 completed.
2024-10-05 02:01:40 [http-nio-8080-exec-5] INFO  c.d.f.trainsaction.TransactionFilter - Starting transaction with ID: 1e916aa8-23d5-4da1-ae18-72099abeca75
2024-10-05 02:01:40 [http-nio-8080-exec-5] INFO  c.d.f.t.RequestLoggingInterceptor - Transaction ID: 1e916aa8-23d5-4da1-ae18-72099abeca75 | Incoming request: GET /v3/api-docs
2024-10-05 02:01:40 [http-nio-8080-exec-5] WARN  o.s.w.s.m.m.a.ExceptionHandlerExceptionResolver - Resolved [jakarta.servlet.ServletException: Handler dispatch failed: java.lang.NoSuchMethodError: 'io.swagger.v3.oas.annotations.StringToClassMapItem[] io.swagger.v3.oas.annotations.media.Schema.dependentSchemas()']
2024-10-05 02:01:40 [http-nio-8080-exec-5] INFO  c.d.f.trainsaction.TransactionFilter - Transaction with ID: 1e916aa8-23d5-4da1-ae18-72099abeca75 completed.
2024-10-05 02:01:41 [http-nio-8080-exec-6] INFO  c.d.f.trainsaction.TransactionFilter - Starting transaction with ID: 0f1517e4-0faf-4437-a89c-76ba07f278ef
2024-10-05 02:01:41 [http-nio-8080-exec-6] INFO  c.d.f.t.RequestLoggingInterceptor - Transaction ID: 0f1517e4-0faf-4437-a89c-76ba07f278ef | Incoming request: GET /swagger-ui/index.html
2024-10-05 02:01:41 [http-nio-8080-exec-6] INFO  c.d.f.t.RequestLoggingInterceptor - Transaction ID: 0f1517e4-0faf-4437-a89c-76ba07f278ef | Response status: 200
2024-10-05 02:01:41 [http-nio-8080-exec-6] INFO  c.d.f.trainsaction.TransactionFilter - Transaction with ID: 0f1517e4-0faf-4437-a89c-76ba07f278ef completed.
2024-10-05 02:01:41 [http-nio-8080-exec-4] INFO  c.d.f.trainsaction.TransactionFilter - Starting transaction with ID: 4ae13b46-5fa3-4307-8b5a-fdd8c03373ee
2024-10-05 02:01:41 [http-nio-8080-exec-10] INFO  c.d.f.trainsaction.TransactionFilter - Starting transaction with ID: 79444d78-dab2-48c4-b0b2-92d36dd290c5
2024-10-05 02:01:41 [http-nio-8080-exec-4] INFO  c.d.f.t.RequestLoggingInterceptor - Transaction ID: 4ae13b46-5fa3-4307-8b5a-fdd8c03373ee | Incoming request: GET /swagger-ui/swagger-ui.css
2024-10-05 02:01:41 [http-nio-8080-exec-9] INFO  c.d.f.trainsaction.TransactionFilter - Starting transaction with ID: 73856af2-91a7-479e-93c3-69d493c44c1c
2024-10-05 02:01:41 [http-nio-8080-exec-4] INFO  c.d.f.t.RequestLoggingInterceptor - Transaction ID: 4ae13b46-5fa3-4307-8b5a-fdd8c03373ee | Response status: 200
2024-10-05 02:01:41 [http-nio-8080-exec-4] INFO  c.d.f.trainsaction.TransactionFilter - Transaction with ID: 4ae13b46-5fa3-4307-8b5a-fdd8c03373ee completed.
2024-10-05 02:01:41 [http-nio-8080-exec-9] INFO  c.d.f.t.RequestLoggingInterceptor - Transaction ID: 73856af2-91a7-479e-93c3-69d493c44c1c | Incoming request: GET /swagger-ui/swagger-ui-bundle.js
2024-10-05 02:01:41 [http-nio-8080-exec-10] INFO  c.d.f.t.RequestLoggingInterceptor - Transaction ID: 79444d78-dab2-48c4-b0b2-92d36dd290c5 | Incoming request: GET /swagger-ui/index.css
2024-10-05 02:01:41 [http-nio-8080-exec-4] INFO  c.d.f.trainsaction.TransactionFilter - Starting transaction with ID: dc01d2fd-62a3-4d3a-9a26-9c7232af3dce
2024-10-05 02:01:41 [http-nio-8080-exec-4] INFO  c.d.f.t.RequestLoggingInterceptor - Transaction ID: dc01d2fd-62a3-4d3a-9a26-9c7232af3dce | Incoming request: GET /swagger-ui/swagger-ui-standalone-preset.js
2024-10-05 02:01:41 [http-nio-8080-exec-7] INFO  c.d.f.trainsaction.TransactionFilter - Starting transaction with ID: 7466e16a-df60-4445-8493-f51b466e5814
2024-10-05 02:01:41 [http-nio-8080-exec-10] INFO  c.d.f.t.RequestLoggingInterceptor - Transaction ID: 79444d78-dab2-48c4-b0b2-92d36dd290c5 | Response status: 200
2024-10-05 02:01:41 [http-nio-8080-exec-10] INFO  c.d.f.trainsaction.TransactionFilter - Transaction with ID: 79444d78-dab2-48c4-b0b2-92d36dd290c5 completed.
2024-10-05 02:01:41 [http-nio-8080-exec-7] INFO  c.d.f.t.RequestLoggingInterceptor - Transaction ID: 7466e16a-df60-4445-8493-f51b466e5814 | Incoming request: GET /swagger-ui/swagger-initializer.js
2024-10-05 02:01:41 [http-nio-8080-exec-7] INFO  c.d.f.t.RequestLoggingInterceptor - Transaction ID: 7466e16a-df60-4445-8493-f51b466e5814 | Response status: 200
2024-10-05 02:01:41 [http-nio-8080-exec-7] INFO  c.d.f.trainsaction.TransactionFilter - Transaction with ID: 7466e16a-df60-4445-8493-f51b466e5814 completed.
2024-10-05 02:01:41 [http-nio-8080-exec-4] INFO  c.d.f.t.RequestLoggingInterceptor - Transaction ID: dc01d2fd-62a3-4d3a-9a26-9c7232af3dce | Response status: 200
2024-10-05 02:01:41 [http-nio-8080-exec-4] INFO  c.d.f.trainsaction.TransactionFilter - Transaction with ID: dc01d2fd-62a3-4d3a-9a26-9c7232af3dce completed.
2024-10-05 02:01:41 [http-nio-8080-exec-9] INFO  c.d.f.t.RequestLoggingInterceptor - Transaction ID: 73856af2-91a7-479e-93c3-69d493c44c1c | Response status: 200
2024-10-05 02:01:41 [http-nio-8080-exec-9] INFO  c.d.f.trainsaction.TransactionFilter - Transaction with ID: 73856af2-91a7-479e-93c3-69d493c44c1c completed.
2024-10-05 02:01:41 [http-nio-8080-exec-1] INFO  c.d.f.trainsaction.TransactionFilter - Starting transaction with ID: f4e28b62-f002-4856-8dce-2d531fb03f25
2024-10-05 02:01:41 [http-nio-8080-exec-3] INFO  c.d.f.trainsaction.TransactionFilter - Starting transaction with ID: 97340422-2dda-4f45-9d34-3d120c411cfd
2024-10-05 02:01:41 [http-nio-8080-exec-1] INFO  c.d.f.t.RequestLoggingInterceptor - Transaction ID: f4e28b62-f002-4856-8dce-2d531fb03f25 | Incoming request: GET /v3/api-docs/swagger-config
2024-10-05 02:01:41 [http-nio-8080-exec-3] INFO  c.d.f.t.RequestLoggingInterceptor - Transaction ID: 97340422-2dda-4f45-9d34-3d120c411cfd | Incoming request: GET /swagger-ui/favicon-32x32.png
2024-10-05 02:01:41 [http-nio-8080-exec-1] INFO  c.d.f.t.RequestLoggingInterceptor - Transaction ID: f4e28b62-f002-4856-8dce-2d531fb03f25 | Response status: 200
2024-10-05 02:01:41 [http-nio-8080-exec-1] INFO  c.d.f.trainsaction.TransactionFilter - Transaction with ID: f4e28b62-f002-4856-8dce-2d531fb03f25 completed.
2024-10-05 02:01:41 [http-nio-8080-exec-3] INFO  c.d.f.t.RequestLoggingInterceptor - Transaction ID: 97340422-2dda-4f45-9d34-3d120c411cfd | Response status: 200
2024-10-05 02:01:41 [http-nio-8080-exec-3] INFO  c.d.f.trainsaction.TransactionFilter - Transaction with ID: 97340422-2dda-4f45-9d34-3d120c411cfd completed.
2024-10-05 02:01:41 [http-nio-8080-exec-2] INFO  c.d.f.trainsaction.TransactionFilter - Starting transaction with ID: b2e11514-bb71-41b5-89b3-58d5f0c7fa37
2024-10-05 02:01:41 [http-nio-8080-exec-2] INFO  c.d.f.t.RequestLoggingInterceptor - Transaction ID: b2e11514-bb71-41b5-89b3-58d5f0c7fa37 | Incoming request: GET /v3/api-docs
2024-10-05 02:01:41 [http-nio-8080-exec-5] INFO  c.d.f.trainsaction.TransactionFilter - Starting transaction with ID: f80fbbaa-affe-4541-864a-1bce1f56523d
2024-10-05 02:01:41 [http-nio-8080-exec-5] INFO  c.d.f.t.RequestLoggingInterceptor - Transaction ID: f80fbbaa-affe-4541-864a-1bce1f56523d | Incoming request: GET /swagger-ui/favicon-32x32.png
2024-10-05 02:01:41 [http-nio-8080-exec-5] INFO  c.d.f.t.RequestLoggingInterceptor - Transaction ID: f80fbbaa-affe-4541-864a-1bce1f56523d | Response status: 200
2024-10-05 02:01:41 [http-nio-8080-exec-5] INFO  c.d.f.trainsaction.TransactionFilter - Transaction with ID: f80fbbaa-affe-4541-864a-1bce1f56523d completed.
2024-10-05 02:01:41 [http-nio-8080-exec-2] WARN  o.s.w.s.m.m.a.ExceptionHandlerExceptionResolver - Resolved [jakarta.servlet.ServletException: Handler dispatch failed: java.lang.NoSuchMethodError: 'io.swagger.v3.oas.annotations.StringToClassMapItem[] io.swagger.v3.oas.annotations.media.Schema.dependentSchemas()']
2024-10-05 02:01:41 [http-nio-8080-exec-2] INFO  c.d.f.trainsaction.TransactionFilter - Transaction with ID: b2e11514-bb71-41b5-89b3-58d5f0c7fa37 completed.
2024-10-05 02:01:42 [http-nio-8080-exec-6] INFO  c.d.f.trainsaction.TransactionFilter - Starting transaction with ID: 8f653f55-8381-4165-95c3-7b5d44e43ee6
2024-10-05 02:01:42 [http-nio-8080-exec-6] INFO  c.d.f.t.RequestLoggingInterceptor - Transaction ID: 8f653f55-8381-4165-95c3-7b5d44e43ee6 | Incoming request: GET /swagger-ui/index.html
2024-10-05 02:01:42 [http-nio-8080-exec-6] INFO  c.d.f.t.RequestLoggingInterceptor - Transaction ID: 8f653f55-8381-4165-95c3-7b5d44e43ee6 | Response status: 200
2024-10-05 02:01:42 [http-nio-8080-exec-6] INFO  c.d.f.trainsaction.TransactionFilter - Transaction with ID: 8f653f55-8381-4165-95c3-7b5d44e43ee6 completed.
2024-10-05 02:01:42 [http-nio-8080-exec-10] INFO  c.d.f.trainsaction.TransactionFilter - Starting transaction with ID: 0c88f445-de2b-4b55-9cc0-48b90520e7bc
2024-10-05 02:01:42 [http-nio-8080-exec-10] INFO  c.d.f.t.RequestLoggingInterceptor - Transaction ID: 0c88f445-de2b-4b55-9cc0-48b90520e7bc | Incoming request: GET /swagger-ui/index.css
2024-10-05 02:01:42 [http-nio-8080-exec-10] INFO  c.d.f.t.RequestLoggingInterceptor - Transaction ID: 0c88f445-de2b-4b55-9cc0-48b90520e7bc | Response status: 200
2024-10-05 02:01:42 [http-nio-8080-exec-10] INFO  c.d.f.trainsaction.TransactionFilter - Transaction with ID: 0c88f445-de2b-4b55-9cc0-48b90520e7bc completed.
2024-10-05 02:01:42 [http-nio-8080-exec-8] INFO  c.d.f.trainsaction.TransactionFilter - Starting transaction with ID: d713671f-e375-4d29-8fba-221dc5be7407
2024-10-05 02:01:42 [http-nio-8080-exec-10] INFO  c.d.f.trainsaction.TransactionFilter - Starting transaction with ID: 27f3df4a-04aa-4fcc-82b6-3a7487008862
2024-10-05 02:01:42 [http-nio-8080-exec-10] INFO  c.d.f.t.RequestLoggingInterceptor - Transaction ID: 27f3df4a-04aa-4fcc-82b6-3a7487008862 | Incoming request: GET /swagger-ui/swagger-ui-bundle.js
2024-10-05 02:01:42 [http-nio-8080-exec-8] INFO  c.d.f.t.RequestLoggingInterceptor - Transaction ID: d713671f-e375-4d29-8fba-221dc5be7407 | Incoming request: GET /swagger-ui/swagger-ui.css
2024-10-05 02:01:42 [http-nio-8080-exec-7] INFO  c.d.f.trainsaction.TransactionFilter - Starting transaction with ID: 88a3dc25-4b44-4c66-a2c5-528979043147
2024-10-05 02:01:42 [http-nio-8080-exec-9] INFO  c.d.f.trainsaction.TransactionFilter - Starting transaction with ID: 3d8746f9-1f0d-480d-8096-d562e92387ac
2024-10-05 02:01:42 [http-nio-8080-exec-7] INFO  c.d.f.t.RequestLoggingInterceptor - Transaction ID: 88a3dc25-4b44-4c66-a2c5-528979043147 | Incoming request: GET /swagger-ui/swagger-ui-standalone-preset.js
2024-10-05 02:01:42 [http-nio-8080-exec-9] INFO  c.d.f.t.RequestLoggingInterceptor - Transaction ID: 3d8746f9-1f0d-480d-8096-d562e92387ac | Incoming request: GET /swagger-ui/swagger-initializer.js
2024-10-05 02:01:42 [http-nio-8080-exec-8] INFO  c.d.f.t.RequestLoggingInterceptor - Transaction ID: d713671f-e375-4d29-8fba-221dc5be7407 | Response status: 200
2024-10-05 02:01:42 [http-nio-8080-exec-8] INFO  c.d.f.trainsaction.TransactionFilter - Transaction with ID: d713671f-e375-4d29-8fba-221dc5be7407 completed.
2024-10-05 02:01:42 [http-nio-8080-exec-9] INFO  c.d.f.t.RequestLoggingInterceptor - Transaction ID: 3d8746f9-1f0d-480d-8096-d562e92387ac | Response status: 200
2024-10-05 02:01:42 [http-nio-8080-exec-9] INFO  c.d.f.trainsaction.TransactionFilter - Transaction with ID: 3d8746f9-1f0d-480d-8096-d562e92387ac completed.
2024-10-05 02:01:42 [http-nio-8080-exec-7] INFO  c.d.f.t.RequestLoggingInterceptor - Transaction ID: 88a3dc25-4b44-4c66-a2c5-528979043147 | Response status: 200
2024-10-05 02:01:42 [http-nio-8080-exec-7] INFO  c.d.f.trainsaction.TransactionFilter - Transaction with ID: 88a3dc25-4b44-4c66-a2c5-528979043147 completed.
2024-10-05 02:01:42 [http-nio-8080-exec-10] INFO  c.d.f.t.RequestLoggingInterceptor - Transaction ID: 27f3df4a-04aa-4fcc-82b6-3a7487008862 | Response status: 200
2024-10-05 02:01:42 [http-nio-8080-exec-10] INFO  c.d.f.trainsaction.TransactionFilter - Transaction with ID: 27f3df4a-04aa-4fcc-82b6-3a7487008862 completed.
2024-10-05 02:01:42 [http-nio-8080-exec-1] INFO  c.d.f.trainsaction.TransactionFilter - Starting transaction with ID: 0bc59f99-e1c9-4b23-9e6b-81f6660b4af3
2024-10-05 02:01:42 [http-nio-8080-exec-1] INFO  c.d.f.t.RequestLoggingInterceptor - Transaction ID: 0bc59f99-e1c9-4b23-9e6b-81f6660b4af3 | Incoming request: GET /v3/api-docs/swagger-config
2024-10-05 02:01:42 [http-nio-8080-exec-3] INFO  c.d.f.trainsaction.TransactionFilter - Starting transaction with ID: 9dd7c2df-20d2-4d9c-8a96-2ea9ddc53aa5
2024-10-05 02:01:42 [http-nio-8080-exec-1] INFO  c.d.f.t.RequestLoggingInterceptor - Transaction ID: 0bc59f99-e1c9-4b23-9e6b-81f6660b4af3 | Response status: 200
2024-10-05 02:01:42 [http-nio-8080-exec-1] INFO  c.d.f.trainsaction.TransactionFilter - Transaction with ID: 0bc59f99-e1c9-4b23-9e6b-81f6660b4af3 completed.
2024-10-05 02:01:42 [http-nio-8080-exec-3] INFO  c.d.f.t.RequestLoggingInterceptor - Transaction ID: 9dd7c2df-20d2-4d9c-8a96-2ea9ddc53aa5 | Incoming request: GET /swagger-ui/favicon-32x32.png
2024-10-05 02:01:42 [http-nio-8080-exec-3] INFO  c.d.f.t.RequestLoggingInterceptor - Transaction ID: 9dd7c2df-20d2-4d9c-8a96-2ea9ddc53aa5 | Response status: 200
2024-10-05 02:01:42 [http-nio-8080-exec-3] INFO  c.d.f.trainsaction.TransactionFilter - Transaction with ID: 9dd7c2df-20d2-4d9c-8a96-2ea9ddc53aa5 completed.
2024-10-05 02:01:42 [http-nio-8080-exec-5] INFO  c.d.f.trainsaction.TransactionFilter - Starting transaction with ID: 600dec0a-d59c-4ff9-aedc-742cd9dac7bd
2024-10-05 02:01:42 [http-nio-8080-exec-2] INFO  c.d.f.trainsaction.TransactionFilter - Starting transaction with ID: c84600c5-1980-4a80-8bd1-ac9afada29b8
2024-10-05 02:01:42 [http-nio-8080-exec-5] INFO  c.d.f.t.RequestLoggingInterceptor - Transaction ID: 600dec0a-d59c-4ff9-aedc-742cd9dac7bd | Incoming request: GET /v3/api-docs
2024-10-05 02:01:42 [http-nio-8080-exec-2] INFO  c.d.f.t.RequestLoggingInterceptor - Transaction ID: c84600c5-1980-4a80-8bd1-ac9afada29b8 | Incoming request: GET /swagger-ui/favicon-32x32.png
2024-10-05 02:01:42 [http-nio-8080-exec-2] INFO  c.d.f.t.RequestLoggingInterceptor - Transaction ID: c84600c5-1980-4a80-8bd1-ac9afada29b8 | Response status: 200
2024-10-05 02:01:42 [http-nio-8080-exec-2] INFO  c.d.f.trainsaction.TransactionFilter - Transaction with ID: c84600c5-1980-4a80-8bd1-ac9afada29b8 completed.
2024-10-05 02:01:42 [http-nio-8080-exec-5] WARN  o.s.w.s.m.m.a.ExceptionHandlerExceptionResolver - Resolved [jakarta.servlet.ServletException: Handler dispatch failed: java.lang.NoSuchMethodError: 'io.swagger.v3.oas.annotations.StringToClassMapItem[] io.swagger.v3.oas.annotations.media.Schema.dependentSchemas()']
2024-10-05 02:01:42 [http-nio-8080-exec-5] INFO  c.d.f.trainsaction.TransactionFilter - Transaction with ID: 600dec0a-d59c-4ff9-aedc-742cd9dac7bd completed.
2024-10-05 02:01:42 [http-nio-8080-exec-6] INFO  c.d.f.trainsaction.TransactionFilter - Starting transaction with ID: e2651edd-bdff-460f-b8e0-97dde180baed
2024-10-05 02:01:42 [http-nio-8080-exec-6] INFO  c.d.f.t.RequestLoggingInterceptor - Transaction ID: e2651edd-bdff-460f-b8e0-97dde180baed | Incoming request: GET /swagger-ui/index.html
2024-10-05 02:01:42 [http-nio-8080-exec-6] INFO  c.d.f.t.RequestLoggingInterceptor - Transaction ID: e2651edd-bdff-460f-b8e0-97dde180baed | Response status: 200
2024-10-05 02:01:42 [http-nio-8080-exec-6] INFO  c.d.f.trainsaction.TransactionFilter - Transaction with ID: e2651edd-bdff-460f-b8e0-97dde180baed completed.
2024-10-05 02:01:42 [http-nio-8080-exec-4] INFO  c.d.f.trainsaction.TransactionFilter - Starting transaction with ID: dd59fec8-98bf-4fb1-9641-a166bdb14d8a
2024-10-05 02:01:42 [http-nio-8080-exec-4] INFO  c.d.f.t.RequestLoggingInterceptor - Transaction ID: dd59fec8-98bf-4fb1-9641-a166bdb14d8a | Incoming request: GET /swagger-ui/swagger-ui-bundle.js
2024-10-05 02:01:42 [http-nio-8080-exec-8] INFO  c.d.f.trainsaction.TransactionFilter - Starting transaction with ID: 1d3a57e7-cb46-4868-bfca-f35b90ee6233
2024-10-05 02:01:42 [http-nio-8080-exec-8] INFO  c.d.f.t.RequestLoggingInterceptor - Transaction ID: 1d3a57e7-cb46-4868-bfca-f35b90ee6233 | Incoming request: GET /swagger-ui/swagger-ui.css
2024-10-05 02:01:42 [http-nio-8080-exec-8] INFO  c.d.f.t.RequestLoggingInterceptor - Transaction ID: 1d3a57e7-cb46-4868-bfca-f35b90ee6233 | Response status: 200
2024-10-05 02:01:42 [http-nio-8080-exec-10] INFO  c.d.f.trainsaction.TransactionFilter - Starting transaction with ID: febd9cf6-4629-4f9d-87d9-a328a96117d0
2024-10-05 02:01:42 [http-nio-8080-exec-7] INFO  c.d.f.trainsaction.TransactionFilter - Starting transaction with ID: 92975866-10e0-4e23-a81e-a661c8960210
2024-10-05 02:01:42 [http-nio-8080-exec-8] INFO  c.d.f.trainsaction.TransactionFilter - Transaction with ID: 1d3a57e7-cb46-4868-bfca-f35b90ee6233 completed.
2024-10-05 02:01:42 [http-nio-8080-exec-10] INFO  c.d.f.t.RequestLoggingInterceptor - Transaction ID: febd9cf6-4629-4f9d-87d9-a328a96117d0 | Incoming request: GET /swagger-ui/swagger-initializer.js
2024-10-05 02:01:42 [http-nio-8080-exec-7] INFO  c.d.f.t.RequestLoggingInterceptor - Transaction ID: 92975866-10e0-4e23-a81e-a661c8960210 | Incoming request: GET /swagger-ui/swagger-ui-standalone-preset.js
2024-10-05 02:01:42 [http-nio-8080-exec-9] INFO  c.d.f.trainsaction.TransactionFilter - Starting transaction with ID: 0eb92c16-75f3-4090-8061-e43579f23a23
2024-10-05 02:01:42 [http-nio-8080-exec-9] INFO  c.d.f.t.RequestLoggingInterceptor - Transaction ID: 0eb92c16-75f3-4090-8061-e43579f23a23 | Incoming request: GET /swagger-ui/index.css
2024-10-05 02:01:42 [http-nio-8080-exec-10] INFO  c.d.f.t.RequestLoggingInterceptor - Transaction ID: febd9cf6-4629-4f9d-87d9-a328a96117d0 | Response status: 200
2024-10-05 02:01:42 [http-nio-8080-exec-10] INFO  c.d.f.trainsaction.TransactionFilter - Transaction with ID: febd9cf6-4629-4f9d-87d9-a328a96117d0 completed.
2024-10-05 02:01:42 [http-nio-8080-exec-9] INFO  c.d.f.t.RequestLoggingInterceptor - Transaction ID: 0eb92c16-75f3-4090-8061-e43579f23a23 | Response status: 200
2024-10-05 02:01:42 [http-nio-8080-exec-9] INFO  c.d.f.trainsaction.TransactionFilter - Transaction with ID: 0eb92c16-75f3-4090-8061-e43579f23a23 completed.
2024-10-05 02:01:42 [http-nio-8080-exec-7] INFO  c.d.f.t.RequestLoggingInterceptor - Transaction ID: 92975866-10e0-4e23-a81e-a661c8960210 | Response status: 200
2024-10-05 02:01:42 [http-nio-8080-exec-7] INFO  c.d.f.trainsaction.TransactionFilter - Transaction with ID: 92975866-10e0-4e23-a81e-a661c8960210 completed.
2024-10-05 02:01:42 [http-nio-8080-exec-4] INFO  c.d.f.t.RequestLoggingInterceptor - Transaction ID: dd59fec8-98bf-4fb1-9641-a166bdb14d8a | Response status: 200
2024-10-05 02:01:42 [http-nio-8080-exec-4] INFO  c.d.f.trainsaction.TransactionFilter - Transaction with ID: dd59fec8-98bf-4fb1-9641-a166bdb14d8a completed.
2024-10-05 02:01:42 [http-nio-8080-exec-1] INFO  c.d.f.trainsaction.TransactionFilter - Starting transaction with ID: 1bfc528a-4bf1-4003-b605-f8503a912698
2024-10-05 02:01:42 [http-nio-8080-exec-1] INFO  c.d.f.t.RequestLoggingInterceptor - Transaction ID: 1bfc528a-4bf1-4003-b605-f8503a912698 | Incoming request: GET /v3/api-docs/swagger-config
2024-10-05 02:01:42 [http-nio-8080-exec-3] INFO  c.d.f.trainsaction.TransactionFilter - Starting transaction with ID: 76feeade-92b4-4343-a1f3-c49a5bf63d38
2024-10-05 02:01:42 [http-nio-8080-exec-1] INFO  c.d.f.t.RequestLoggingInterceptor - Transaction ID: 1bfc528a-4bf1-4003-b605-f8503a912698 | Response status: 200
2024-10-05 02:01:42 [http-nio-8080-exec-1] INFO  c.d.f.trainsaction.TransactionFilter - Transaction with ID: 1bfc528a-4bf1-4003-b605-f8503a912698 completed.
2024-10-05 02:01:42 [http-nio-8080-exec-3] INFO  c.d.f.t.RequestLoggingInterceptor - Transaction ID: 76feeade-92b4-4343-a1f3-c49a5bf63d38 | Incoming request: GET /swagger-ui/favicon-32x32.png
2024-10-05 02:01:42 [http-nio-8080-exec-3] INFO  c.d.f.t.RequestLoggingInterceptor - Transaction ID: 76feeade-92b4-4343-a1f3-c49a5bf63d38 | Response status: 200
2024-10-05 02:01:42 [http-nio-8080-exec-3] INFO  c.d.f.trainsaction.TransactionFilter - Transaction with ID: 76feeade-92b4-4343-a1f3-c49a5bf63d38 completed.
2024-10-05 02:01:42 [http-nio-8080-exec-2] INFO  c.d.f.trainsaction.TransactionFilter - Starting transaction with ID: 8699034e-adbe-445f-a9fa-3fdaa89d0cca
2024-10-05 02:01:42 [http-nio-8080-exec-2] INFO  c.d.f.t.RequestLoggingInterceptor - Transaction ID: 8699034e-adbe-445f-a9fa-3fdaa89d0cca | Incoming request: GET /v3/api-docs
2024-10-05 02:01:42 [http-nio-8080-exec-5] INFO  c.d.f.trainsaction.TransactionFilter - Starting transaction with ID: b1bc7bdd-4720-41e3-9c8f-5ae9621a3a98
2024-10-05 02:01:42 [http-nio-8080-exec-5] INFO  c.d.f.t.RequestLoggingInterceptor - Transaction ID: b1bc7bdd-4720-41e3-9c8f-5ae9621a3a98 | Incoming request: GET /swagger-ui/favicon-32x32.png
2024-10-05 02:01:42 [http-nio-8080-exec-5] INFO  c.d.f.t.RequestLoggingInterceptor - Transaction ID: b1bc7bdd-4720-41e3-9c8f-5ae9621a3a98 | Response status: 200
2024-10-05 02:01:42 [http-nio-8080-exec-5] INFO  c.d.f.trainsaction.TransactionFilter - Transaction with ID: b1bc7bdd-4720-41e3-9c8f-5ae9621a3a98 completed.
2024-10-05 02:01:42 [http-nio-8080-exec-2] WARN  o.s.w.s.m.m.a.ExceptionHandlerExceptionResolver - Resolved [jakarta.servlet.ServletException: Handler dispatch failed: java.lang.NoSuchMethodError: 'io.swagger.v3.oas.annotations.StringToClassMapItem[] io.swagger.v3.oas.annotations.media.Schema.dependentSchemas()']
2024-10-05 02:01:42 [http-nio-8080-exec-2] INFO  c.d.f.trainsaction.TransactionFilter - Transaction with ID: 8699034e-adbe-445f-a9fa-3fdaa89d0cca completed.
2024-10-05 02:01:48 [SpringApplicationShutdownHook] WARN  c.d.f.cleanup.CredentialFileCleanup - File not found, cannot delete: /Users/ilialataria/Desktop/task3_spring/gymcCRM/trainee_credentials.txt
2024-10-05 02:01:48 [SpringApplicationShutdownHook] WARN  c.d.f.cleanup.CredentialFileCleanup - File not found, cannot delete: /Users/ilialataria/Desktop/task3_spring/gymcCRM/trainer_credentials.txt
2024-10-05 02:04:10 [background-preinit] INFO  o.h.validator.internal.util.Version - HV000001: Hibernate Validator 8.0.1.Final
2024-10-05 02:04:10 [restartedMain] INFO  com.demo.folder.App - Starting App using Java 17.0.11 with PID 33869 (/Users/ilialataria/Desktop/task3_spring/gymcCRM/build/classes/java/main started by ilialataria in /Users/ilialataria/Desktop/task3_spring/gymcCRM)
2024-10-05 02:04:10 [restartedMain] INFO  com.demo.folder.App - The following 1 profile is active: "local"
2024-10-05 02:04:10 [restartedMain] INFO  o.s.b.d.e.DevToolsPropertyDefaultsPostProcessor - Devtools property defaults active! Set 'spring.devtools.add-properties' to 'false' to disable
2024-10-05 02:04:10 [restartedMain] INFO  o.s.b.d.e.DevToolsPropertyDefaultsPostProcessor - For additional web related logging consider setting the 'logging.level.web' property to 'DEBUG'
2024-10-05 02:04:11 [restartedMain] INFO  o.s.b.w.e.tomcat.TomcatWebServer - Tomcat initialized with port(s): 8080 (http)
2024-10-05 02:04:11 [restartedMain] INFO  o.a.coyote.http11.Http11NioProtocol - Initializing ProtocolHandler ["http-nio-8080"]
2024-10-05 02:04:11 [restartedMain] INFO  o.a.catalina.core.StandardService - Starting service [Tomcat]
2024-10-05 02:04:11 [restartedMain] INFO  o.a.catalina.core.StandardEngine - Starting Servlet engine: [Apache Tomcat/10.1.12]
2024-10-05 02:04:11 [restartedMain] INFO  o.a.c.c.C.[Tomcat].[localhost].[/] - Initializing Spring embedded WebApplicationContext
2024-10-05 02:04:11 [restartedMain] INFO  o.s.b.w.s.c.ServletWebServerApplicationContext - Root WebApplicationContext: initialization completed in 847 ms
2024-10-05 02:04:11 [restartedMain] INFO  c.d.f.config.profiles.LocalConfig - Local Configuration is active
2024-10-05 02:04:11 [restartedMain] INFO  c.d.f.config.profiles.LocalConfig - Setting up DataSource for STAGING environment
2024-10-05 02:04:11 [restartedMain] INFO  c.d.f.config.profiles.LocalConfig - DB URL: jdbc:h2:mem:localdb;DB_CLOSE_DELAY=-1
2024-10-05 02:04:11 [restartedMain] INFO  c.d.f.config.profiles.LocalConfig - DB Username: sa
2024-10-05 02:04:11 [restartedMain] INFO  o.s.b.a.h.H2ConsoleAutoConfiguration - H2 console available at '/h2-console'. Database available at 'jdbc:h2:mem:localdb'
2024-10-05 02:04:11 [restartedMain] INFO  org.hibernate.Version - HHH000412: Hibernate ORM core version 6.2.0.Final
2024-10-05 02:04:11 [restartedMain] INFO  org.hibernate.cfg.Environment - HHH000406: Using bytecode reflection optimizer
2024-10-05 02:04:11 [restartedMain] INFO  SQL dialect - HHH000400: Using dialect: org.hibernate.dialect.H2Dialect
2024-10-05 02:04:12 [restartedMain] INFO  o.h.b.i.BytecodeProviderInitiator - HHH000021: Bytecode provider name : bytebuddy
2024-10-05 02:04:12 [restartedMain] INFO  o.h.e.t.j.p.i.JtaPlatformInitiator - HHH000490: Using JtaPlatform implementation: [org.hibernate.engine.transaction.jta.platform.internal.NoJtaPlatform]
2024-10-05 02:04:12 [restartedMain] INFO  c.demo.folder.service.TraineeService - TraineeService initialized.
2024-10-05 02:04:12 [restartedMain] INFO  c.d.f.health.EnvProfileServiceCheck - Currently active profile - [local]
2024-10-05 02:04:12 [restartedMain] INFO  o.s.s.web.DefaultSecurityFilterChain - Will secure any request with [org.springframework.security.web.session.DisableEncodeUrlFilter@60f7688f, org.springframework.security.web.context.request.async.WebAsyncManagerIntegrationFilter@162c531f, org.springframework.security.web.context.SecurityContextHolderFilter@8fc158c, org.springframework.security.web.header.HeaderWriterFilter@331524e0, org.springframework.security.web.authentication.logout.LogoutFilter@1c28888f, org.springframework.security.web.authentication.UsernamePasswordAuthenticationFilter@3f792a84, org.springframework.security.web.savedrequest.RequestCacheAwareFilter@2f5213e3, org.springframework.security.web.servletapi.SecurityContextHolderAwareRequestFilter@19d0bbaa, org.springframework.security.web.authentication.AnonymousAuthenticationFilter@4c115d19, org.springframework.security.web.session.SessionManagementFilter@28b3cf73, org.springframework.security.web.access.ExceptionTranslationFilter@faf48b7, org.springframework.security.web.access.intercept.AuthorizationFilter@5166be89]
2024-10-05 02:04:12 [restartedMain] INFO  o.s.b.d.a.OptionalLiveReloadServer - LiveReload server is running on port 35729
2024-10-05 02:04:12 [restartedMain] INFO  o.s.b.a.e.web.EndpointLinksResolver - Exposing 3 endpoint(s) beneath base path '/actuator'
2024-10-05 02:04:12 [restartedMain] INFO  o.a.coyote.http11.Http11NioProtocol - Starting ProtocolHandler ["http-nio-8080"]
2024-10-05 02:04:12 [restartedMain] INFO  o.s.b.w.e.tomcat.TomcatWebServer - Tomcat started on port(s): 8080 (http) with context path ''
2024-10-05 02:04:13 [restartedMain] INFO  com.demo.folder.App - Started App in 2.423 seconds (process running for 2.771)
2024-10-05 02:04:13 [RMI TCP Connection(1)-192.168.1.123] INFO  o.a.c.c.C.[Tomcat].[localhost].[/] - Initializing Spring DispatcherServlet 'dispatcherServlet'
2024-10-05 02:04:13 [RMI TCP Connection(1)-192.168.1.123] INFO  o.s.web.servlet.DispatcherServlet - Initializing Servlet 'dispatcherServlet'
2024-10-05 02:04:13 [RMI TCP Connection(1)-192.168.1.123] INFO  o.s.web.servlet.DispatcherServlet - Completed initialization in 1 ms
2024-10-05 02:04:15 [http-nio-8080-exec-1] INFO  c.d.f.trainsaction.TransactionFilter - Starting transaction with ID: 8e99610e-229c-434b-a831-3ecd46d4afdb
2024-10-05 02:04:15 [http-nio-8080-exec-1] INFO  c.d.f.t.RequestLoggingInterceptor - Transaction ID: 8e99610e-229c-434b-a831-3ecd46d4afdb | Incoming request: GET /swagger-ui/index.html
2024-10-05 02:04:15 [http-nio-8080-exec-1] INFO  c.d.f.t.RequestLoggingInterceptor - Transaction ID: 8e99610e-229c-434b-a831-3ecd46d4afdb | Response status: 200
2024-10-05 02:04:15 [http-nio-8080-exec-1] INFO  c.d.f.trainsaction.TransactionFilter - Transaction with ID: 8e99610e-229c-434b-a831-3ecd46d4afdb completed.
2024-10-05 02:04:15 [http-nio-8080-exec-3] INFO  c.d.f.trainsaction.TransactionFilter - Starting transaction with ID: 6effea70-1787-430d-a32b-f5cf79a09bfb
2024-10-05 02:04:15 [http-nio-8080-exec-3] INFO  c.d.f.t.RequestLoggingInterceptor - Transaction ID: 6effea70-1787-430d-a32b-f5cf79a09bfb | Incoming request: GET /swagger-ui/swagger-ui.css
2024-10-05 02:04:15 [http-nio-8080-exec-5] INFO  c.d.f.trainsaction.TransactionFilter - Starting transaction with ID: 3ce8a10a-4c4d-4349-a78a-33189d80d29b
2024-10-05 02:04:15 [http-nio-8080-exec-6] INFO  c.d.f.trainsaction.TransactionFilter - Starting transaction with ID: 41d033b6-12ac-4ddc-b68b-0f57e84861f0
2024-10-05 02:04:15 [http-nio-8080-exec-5] INFO  c.d.f.t.RequestLoggingInterceptor - Transaction ID: 3ce8a10a-4c4d-4349-a78a-33189d80d29b | Incoming request: GET /swagger-ui/swagger-ui-bundle.js
2024-10-05 02:04:15 [http-nio-8080-exec-4] INFO  c.d.f.trainsaction.TransactionFilter - Starting transaction with ID: 46803435-1bc1-446e-b9e3-18c3164beef6
2024-10-05 02:04:15 [http-nio-8080-exec-7] INFO  c.d.f.trainsaction.TransactionFilter - Starting transaction with ID: 290204a9-34be-4fba-a57e-e5473e17925d
2024-10-05 02:04:15 [http-nio-8080-exec-4] INFO  c.d.f.t.RequestLoggingInterceptor - Transaction ID: 46803435-1bc1-446e-b9e3-18c3164beef6 | Incoming request: GET /swagger-ui/swagger-ui-standalone-preset.js
2024-10-05 02:04:15 [http-nio-8080-exec-7] INFO  c.d.f.t.RequestLoggingInterceptor - Transaction ID: 290204a9-34be-4fba-a57e-e5473e17925d | Incoming request: GET /swagger-ui/index.css
2024-10-05 02:04:15 [http-nio-8080-exec-6] INFO  c.d.f.t.RequestLoggingInterceptor - Transaction ID: 41d033b6-12ac-4ddc-b68b-0f57e84861f0 | Incoming request: GET /swagger-ui/swagger-initializer.js
2024-10-05 02:04:15 [http-nio-8080-exec-7] INFO  c.d.f.t.RequestLoggingInterceptor - Transaction ID: 290204a9-34be-4fba-a57e-e5473e17925d | Response status: 200
2024-10-05 02:04:15 [http-nio-8080-exec-7] INFO  c.d.f.trainsaction.TransactionFilter - Transaction with ID: 290204a9-34be-4fba-a57e-e5473e17925d completed.
2024-10-05 02:04:15 [http-nio-8080-exec-3] INFO  c.d.f.t.RequestLoggingInterceptor - Transaction ID: 6effea70-1787-430d-a32b-f5cf79a09bfb | Response status: 200
2024-10-05 02:04:15 [http-nio-8080-exec-3] INFO  c.d.f.trainsaction.TransactionFilter - Transaction with ID: 6effea70-1787-430d-a32b-f5cf79a09bfb completed.
2024-10-05 02:04:15 [http-nio-8080-exec-4] INFO  c.d.f.t.RequestLoggingInterceptor - Transaction ID: 46803435-1bc1-446e-b9e3-18c3164beef6 | Response status: 200
2024-10-05 02:04:15 [http-nio-8080-exec-4] INFO  c.d.f.trainsaction.TransactionFilter - Transaction with ID: 46803435-1bc1-446e-b9e3-18c3164beef6 completed.
2024-10-05 02:04:15 [http-nio-8080-exec-6] INFO  c.d.f.t.RequestLoggingInterceptor - Transaction ID: 41d033b6-12ac-4ddc-b68b-0f57e84861f0 | Response status: 200
2024-10-05 02:04:15 [http-nio-8080-exec-6] INFO  c.d.f.trainsaction.TransactionFilter - Transaction with ID: 41d033b6-12ac-4ddc-b68b-0f57e84861f0 completed.
2024-10-05 02:04:15 [http-nio-8080-exec-5] INFO  c.d.f.t.RequestLoggingInterceptor - Transaction ID: 3ce8a10a-4c4d-4349-a78a-33189d80d29b | Response status: 200
2024-10-05 02:04:15 [http-nio-8080-exec-5] INFO  c.d.f.trainsaction.TransactionFilter - Transaction with ID: 3ce8a10a-4c4d-4349-a78a-33189d80d29b completed.
2024-10-05 02:04:15 [http-nio-8080-exec-8] INFO  c.d.f.trainsaction.TransactionFilter - Starting transaction with ID: a51fdf71-1d8e-49e5-9827-2a44723d0e6b
2024-10-05 02:04:15 [http-nio-8080-exec-9] INFO  c.d.f.trainsaction.TransactionFilter - Starting transaction with ID: fc4b147c-0153-4dbb-8efc-019bd54e3fce
2024-10-05 02:04:15 [http-nio-8080-exec-8] INFO  c.d.f.t.RequestLoggingInterceptor - Transaction ID: a51fdf71-1d8e-49e5-9827-2a44723d0e6b | Incoming request: GET /v3/api-docs/swagger-config
2024-10-05 02:04:15 [http-nio-8080-exec-9] INFO  c.d.f.t.RequestLoggingInterceptor - Transaction ID: fc4b147c-0153-4dbb-8efc-019bd54e3fce | Incoming request: GET /swagger-ui/favicon-32x32.png
2024-10-05 02:04:15 [http-nio-8080-exec-9] INFO  c.d.f.t.RequestLoggingInterceptor - Transaction ID: fc4b147c-0153-4dbb-8efc-019bd54e3fce | Response status: 200
2024-10-05 02:04:15 [http-nio-8080-exec-9] INFO  c.d.f.trainsaction.TransactionFilter - Transaction with ID: fc4b147c-0153-4dbb-8efc-019bd54e3fce completed.
2024-10-05 02:04:15 [http-nio-8080-exec-8] INFO  c.d.f.t.RequestLoggingInterceptor - Transaction ID: a51fdf71-1d8e-49e5-9827-2a44723d0e6b | Response status: 200
2024-10-05 02:04:15 [http-nio-8080-exec-8] INFO  c.d.f.trainsaction.TransactionFilter - Transaction with ID: a51fdf71-1d8e-49e5-9827-2a44723d0e6b completed.
2024-10-05 02:04:15 [http-nio-8080-exec-10] INFO  c.d.f.trainsaction.TransactionFilter - Starting transaction with ID: e71455c9-6c81-4ea4-a537-afae0710ff3c
2024-10-05 02:04:15 [http-nio-8080-exec-10] INFO  c.d.f.t.RequestLoggingInterceptor - Transaction ID: e71455c9-6c81-4ea4-a537-afae0710ff3c | Incoming request: GET /v3/api-docs
2024-10-05 02:04:16 [http-nio-8080-exec-10] INFO  o.s.api.AbstractOpenApiResource - Init duration for springdoc-openapi is: 165 ms
2024-10-05 02:04:16 [http-nio-8080-exec-10] INFO  c.d.f.t.RequestLoggingInterceptor - Transaction ID: e71455c9-6c81-4ea4-a537-afae0710ff3c | Response status: 200
2024-10-05 02:04:16 [http-nio-8080-exec-10] INFO  c.d.f.trainsaction.TransactionFilter - Transaction with ID: e71455c9-6c81-4ea4-a537-afae0710ff3c completed.
2024-10-05 02:04:39 [http-nio-8080-exec-6] INFO  c.d.f.trainsaction.TransactionFilter - Starting transaction with ID: b592c967-dcaf-48d9-adf9-3841eafb3cb1
2024-10-05 02:04:39 [http-nio-8080-exec-6] INFO  c.d.f.t.RequestLoggingInterceptor - Transaction ID: b592c967-dcaf-48d9-adf9-3841eafb3cb1 | Incoming request: POST /api/trainees
2024-10-05 02:04:39 [http-nio-8080-exec-6] INFO  c.demo.folder.service.TraineeService - Creating new Trainee with first name: A
2024-10-05 02:04:39 [http-nio-8080-exec-6] INFO  c.demo.folder.service.TraineeService - Creating new Trainee with username: A.B-6f56698f
2024-10-05 02:04:39 [http-nio-8080-exec-6] INFO  c.d.f.t.RequestLoggingInterceptor - Transaction ID: b592c967-dcaf-48d9-adf9-3841eafb3cb1 | Response status: 201
2024-10-05 02:04:39 [http-nio-8080-exec-6] INFO  c.d.f.trainsaction.TransactionFilter - Transaction with ID: b592c967-dcaf-48d9-adf9-3841eafb3cb1 completed.
2024-10-05 02:05:01 [http-nio-8080-exec-9] INFO  c.d.f.s.CustomUserDetailsService - LoadUserByUsername called with username: A.B-6f56698f
2024-10-05 02:05:01 [http-nio-8080-exec-9] INFO  c.demo.folder.service.TrainerService - Finding Trainer by username: A.B-6f56698f
2024-10-05 02:05:02 [http-nio-8080-exec-9] INFO  c.demo.folder.service.TrainerService - Trainer with username A.B-6f56698f not found.
2024-10-05 02:05:02 [http-nio-8080-exec-9] INFO  c.demo.folder.service.TraineeService - Finding Trainee by username: A.B-6f56698f
2024-10-05 02:05:02 [http-nio-8080-exec-9] INFO  c.d.f.s.CustomUserDetailsService - Trainee found, returning UserDetails for trainee: A.B-6f56698f
2024-10-05 02:05:20 [http-nio-8080-exec-10] INFO  c.d.f.trainsaction.TransactionFilter - Starting transaction with ID: 75fe44fc-f3b4-4281-9b85-2a0c353e3936
2024-10-05 02:05:20 [http-nio-8080-exec-10] INFO  c.d.f.t.RequestLoggingInterceptor - Transaction ID: 75fe44fc-f3b4-4281-9b85-2a0c353e3936 | Incoming request: POST /api/training-type
2024-10-05 02:05:20 [http-nio-8080-exec-10] INFO  c.d.f.service.TrainingTypeService - Creating new training type: string
2024-10-05 02:05:20 [http-nio-8080-exec-10] INFO  c.d.f.t.RequestLoggingInterceptor - Transaction ID: 75fe44fc-f3b4-4281-9b85-2a0c353e3936 | Response status: 201
2024-10-05 02:05:20 [http-nio-8080-exec-10] INFO  c.d.f.trainsaction.TransactionFilter - Transaction with ID: 75fe44fc-f3b4-4281-9b85-2a0c353e3936 completed.
2024-10-05 02:05:38 [http-nio-8080-exec-7] INFO  c.d.f.trainsaction.TransactionFilter - Starting transaction with ID: 79c15925-a112-4ec6-9522-b697aa47626f
2024-10-05 02:05:38 [http-nio-8080-exec-7] INFO  c.d.f.t.RequestLoggingInterceptor - Transaction ID: 79c15925-a112-4ec6-9522-b697aa47626f | Incoming request: POST /api/trainers
2024-10-05 02:05:38 [http-nio-8080-exec-7] WARN  o.s.w.s.m.m.a.ExceptionHandlerExceptionResolver - Resolved [org.springframework.http.converter.HttpMessageNotReadableException: JSON parse error: Unexpected character ('}' (code 125)): was expecting double-quote to start field name]
2024-10-05 02:05:38 [http-nio-8080-exec-7] INFO  c.d.f.trainsaction.TransactionFilter - Transaction with ID: 79c15925-a112-4ec6-9522-b697aa47626f completed.
2024-10-05 02:05:44 [http-nio-8080-exec-2] INFO  c.d.f.trainsaction.TransactionFilter - Starting transaction with ID: 61efded3-5ee2-4437-bc52-ba2717b56cde
2024-10-05 02:05:44 [http-nio-8080-exec-2] INFO  c.d.f.t.RequestLoggingInterceptor - Transaction ID: 61efded3-5ee2-4437-bc52-ba2717b56cde | Incoming request: POST /api/trainers
2024-10-05 02:05:44 [http-nio-8080-exec-2] INFO  c.demo.folder.service.TrainerService - Creating new Trainer with first name: saba
2024-10-05 02:05:44 [http-nio-8080-exec-2] INFO  c.d.f.t.RequestLoggingInterceptor - Transaction ID: 61efded3-5ee2-4437-bc52-ba2717b56cde | Response status: 201
2024-10-05 02:05:44 [http-nio-8080-exec-2] INFO  c.d.f.trainsaction.TransactionFilter - Transaction with ID: 61efded3-5ee2-4437-bc52-ba2717b56cde completed.
2024-10-05 02:06:09 [http-nio-8080-exec-4] INFO  c.d.f.trainsaction.TransactionFilter - Starting transaction with ID: 75cfb7a2-3c0e-445b-9954-a61318aaadf6
2024-10-05 02:06:09 [http-nio-8080-exec-4] INFO  c.d.f.t.RequestLoggingInterceptor - Transaction ID: 75cfb7a2-3c0e-445b-9954-a61318aaadf6 | Incoming request: PUT /api/trainees/A.B-6f56698f/trainers/ADD
2024-10-05 02:06:09 [http-nio-8080-exec-4] INFO  c.demo.folder.service.TraineeService - Updating Trainee with username: A.B-6f56698f
2024-10-05 02:06:09 [http-nio-8080-exec-4] INFO  c.demo.folder.service.TrainerService - Updating Trainer with username: saba.dumbadze-f33cac33
2024-10-05 02:06:09 [http-nio-8080-exec-4] INFO  c.d.f.t.RequestLoggingInterceptor - Transaction ID: 75cfb7a2-3c0e-445b-9954-a61318aaadf6 | Response status: 200
2024-10-05 02:06:09 [http-nio-8080-exec-4] INFO  c.d.f.trainsaction.TransactionFilter - Transaction with ID: 75cfb7a2-3c0e-445b-9954-a61318aaadf6 completed.
2024-10-05 02:06:28 [http-nio-8080-exec-9] INFO  c.d.f.trainsaction.TransactionFilter - Starting transaction with ID: cdfa0183-1578-4b55-ab3a-0bac42628f0b
2024-10-05 02:06:28 [http-nio-8080-exec-9] INFO  c.d.f.t.RequestLoggingInterceptor - Transaction ID: cdfa0183-1578-4b55-ab3a-0bac42628f0b | Incoming request: GET /api/trainees
2024-10-05 02:06:28 [http-nio-8080-exec-9] INFO  c.demo.folder.service.TraineeService - Fetching all Trainees.
2024-10-05 02:06:28 [http-nio-8080-exec-9] INFO  c.d.f.t.RequestLoggingInterceptor - Transaction ID: cdfa0183-1578-4b55-ab3a-0bac42628f0b | Response status: 200
2024-10-05 02:06:28 [http-nio-8080-exec-9] INFO  c.d.f.trainsaction.TransactionFilter - Transaction with ID: cdfa0183-1578-4b55-ab3a-0bac42628f0b completed.
2024-10-05 02:07:04 [http-nio-8080-exec-10] INFO  c.d.f.trainsaction.TransactionFilter - Starting transaction with ID: 3c18e362-0dba-4276-9ab7-27ae59ed15f9
2024-10-05 02:07:04 [http-nio-8080-exec-10] INFO  c.d.f.t.RequestLoggingInterceptor - Transaction ID: 3c18e362-0dba-4276-9ab7-27ae59ed15f9 | Incoming request: PUT /api/trainees/A.B-6f56698f/trainers/REMOVE
2024-10-05 02:07:04 [http-nio-8080-exec-10] INFO  c.demo.folder.service.TraineeService - Updating Trainee with username: A.B-6f56698f
2024-10-05 02:07:04 [http-nio-8080-exec-10] INFO  c.demo.folder.service.TrainerService - Updating Trainer with username: saba.dumbadze-f33cac33
2024-10-05 02:07:04 [http-nio-8080-exec-10] INFO  c.d.f.t.RequestLoggingInterceptor - Transaction ID: 3c18e362-0dba-4276-9ab7-27ae59ed15f9 | Response status: 200
2024-10-05 02:07:04 [http-nio-8080-exec-10] INFO  c.d.f.trainsaction.TransactionFilter - Transaction with ID: 3c18e362-0dba-4276-9ab7-27ae59ed15f9 completed.
2024-10-05 02:07:08 [http-nio-8080-exec-7] INFO  c.d.f.trainsaction.TransactionFilter - Starting transaction with ID: 42858486-5df2-4929-9209-4c3292aea826
2024-10-05 02:07:08 [http-nio-8080-exec-7] INFO  c.d.f.t.RequestLoggingInterceptor - Transaction ID: 42858486-5df2-4929-9209-4c3292aea826 | Incoming request: GET /api/trainees
2024-10-05 02:07:08 [http-nio-8080-exec-7] INFO  c.demo.folder.service.TraineeService - Fetching all Trainees.
2024-10-05 02:07:08 [http-nio-8080-exec-7] INFO  c.d.f.t.RequestLoggingInterceptor - Transaction ID: 42858486-5df2-4929-9209-4c3292aea826 | Response status: 200
2024-10-05 02:07:08 [http-nio-8080-exec-7] INFO  c.d.f.trainsaction.TransactionFilter - Transaction with ID: 42858486-5df2-4929-9209-4c3292aea826 completed.
2024-10-05 02:07:15 [SpringApplicationShutdownHook] INFO  c.d.f.cleanup.CredentialFileCleanup - Deleted file: /Users/ilialataria/Desktop/task3_spring/gymcCRM/trainee_credentials.txt
2024-10-05 02:07:15 [SpringApplicationShutdownHook] INFO  c.d.f.cleanup.CredentialFileCleanup - Deleted file: /Users/ilialataria/Desktop/task3_spring/gymcCRM/trainer_credentials.txt
