2024-10-04 14:02:29 [background-preinit] INFO  o.h.validator.internal.util.Version - HV000001: Hibernate Validator 8.0.1.Final
2024-10-04 14:02:29 [restartedMain] INFO  com.demo.folder.App - Starting App using Java 17.0.11 with PID 30730 (/Users/ilialataria/Desktop/task3_spring/gymcCRM/build/classes/java/main started by ilialataria in /Users/ilialataria/Desktop/task3_spring/gymcCRM)
2024-10-04 14:02:29 [restartedMain] INFO  com.demo.folder.App - The following 1 profile is active: "local"
2024-10-04 14:02:29 [restartedMain] INFO  o.s.b.d.e.DevToolsPropertyDefaultsPostProcessor - Devtools property defaults active! Set 'spring.devtools.add-properties' to 'false' to disable
2024-10-04 14:02:29 [restartedMain] INFO  o.s.b.d.e.DevToolsPropertyDefaultsPostProcessor - For additional web related logging consider setting the 'logging.level.web' property to 'DEBUG'
2024-10-04 14:02:30 [restartedMain] INFO  o.s.b.w.e.tomcat.TomcatWebServer - Tomcat initialized with port(s): 8080 (http)
2024-10-04 14:02:30 [restartedMain] INFO  o.a.coyote.http11.Http11NioProtocol - Initializing ProtocolHandler ["http-nio-8080"]
2024-10-04 14:02:30 [restartedMain] INFO  o.a.catalina.core.StandardService - Starting service [Tomcat]
2024-10-04 14:02:30 [restartedMain] INFO  o.a.catalina.core.StandardEngine - Starting Servlet engine: [Apache Tomcat/10.1.12]
2024-10-04 14:02:30 [restartedMain] INFO  o.a.c.c.C.[Tomcat].[localhost].[/] - Initializing Spring embedded WebApplicationContext
2024-10-04 14:02:30 [restartedMain] INFO  o.s.b.w.s.c.ServletWebServerApplicationContext - Root WebApplicationContext: initialization completed in 895 ms
2024-10-04 14:02:30 [restartedMain] INFO  c.d.f.config.profiles.LocalConfig - Local Configuration is active
2024-10-04 14:02:30 [restartedMain] INFO  c.d.f.config.profiles.LocalConfig - Setting up DataSource for STAGING environment
2024-10-04 14:02:30 [restartedMain] INFO  c.d.f.config.profiles.LocalConfig - DB URL: jdbc:h2:mem:localdb;DB_CLOSE_DELAY=-1
2024-10-04 14:02:30 [restartedMain] INFO  c.d.f.config.profiles.LocalConfig - DB Username: sa
2024-10-04 14:02:30 [restartedMain] INFO  o.s.b.a.h.H2ConsoleAutoConfiguration - H2 console available at '/h2-console'. Database available at 'jdbc:h2:mem:localdb'
2024-10-04 14:02:31 [restartedMain] INFO  org.hibernate.Version - HHH000412: Hibernate ORM core version 6.2.0.Final
2024-10-04 14:02:31 [restartedMain] INFO  org.hibernate.cfg.Environment - HHH000406: Using bytecode reflection optimizer
2024-10-04 14:02:31 [restartedMain] INFO  SQL dialect - HHH000400: Using dialect: org.hibernate.dialect.H2Dialect
2024-10-04 14:02:31 [restartedMain] INFO  o.h.b.i.BytecodeProviderInitiator - HHH000021: Bytecode provider name : bytebuddy
2024-10-04 14:02:31 [restartedMain] INFO  o.h.e.t.j.p.i.JtaPlatformInitiator - HHH000490: Using JtaPlatform implementation: [org.hibernate.engine.transaction.jta.platform.internal.NoJtaPlatform]
2024-10-04 14:02:31 [restartedMain] INFO  c.demo.folder.service.TraineeService - TraineeService initialized.
2024-10-04 14:02:31 [restartedMain] INFO  c.d.f.health.EnvProfileServiceCheck - Currently active profile - [local]
2024-10-04 14:02:31 [restartedMain] INFO  o.s.s.web.DefaultSecurityFilterChain - Will secure any request with [org.springframework.security.web.session.DisableEncodeUrlFilter@3a99e91b, org.springframework.security.web.context.request.async.WebAsyncManagerIntegrationFilter@1ca7bd34, org.springframework.security.web.context.SecurityContextHolderFilter@6848c033, org.springframework.security.web.header.HeaderWriterFilter@6ad54106, org.springframework.security.web.authentication.logout.LogoutFilter@4957ff81, org.springframework.security.web.authentication.UsernamePasswordAuthenticationFilter@2d016327, org.springframework.security.web.savedrequest.RequestCacheAwareFilter@39b19370, org.springframework.security.web.servletapi.SecurityContextHolderAwareRequestFilter@18df5683, org.springframework.security.web.authentication.AnonymousAuthenticationFilter@3d991b76, org.springframework.security.web.session.SessionManagementFilter@30c2977d, org.springframework.security.web.access.ExceptionTranslationFilter@c9056fa, org.springframework.security.web.access.intercept.AuthorizationFilter@5c15066e]
2024-10-04 14:02:32 [restartedMain] INFO  o.s.b.d.a.OptionalLiveReloadServer - LiveReload server is running on port 35729
2024-10-04 14:02:32 [restartedMain] INFO  o.s.b.a.e.web.EndpointLinksResolver - Exposing 3 endpoint(s) beneath base path '/actuator'
2024-10-04 14:02:32 [restartedMain] INFO  o.a.coyote.http11.Http11NioProtocol - Starting ProtocolHandler ["http-nio-8080"]
2024-10-04 14:02:32 [restartedMain] INFO  o.s.b.w.e.tomcat.TomcatWebServer - Tomcat started on port(s): 8080 (http) with context path ''
2024-10-04 14:02:32 [restartedMain] INFO  com.demo.folder.App - Started App in 2.531 seconds (process running for 2.982)
2024-10-04 14:02:32 [RMI TCP Connection(1)-192.168.1.123] INFO  o.a.c.c.C.[Tomcat].[localhost].[/] - Initializing Spring DispatcherServlet 'dispatcherServlet'
2024-10-04 14:02:32 [RMI TCP Connection(1)-192.168.1.123] INFO  o.s.web.servlet.DispatcherServlet - Initializing Servlet 'dispatcherServlet'
2024-10-04 14:02:32 [RMI TCP Connection(1)-192.168.1.123] INFO  o.s.web.servlet.DispatcherServlet - Completed initialization in 1 ms
2024-10-04 14:02:34 [http-nio-8080-exec-1] INFO  c.d.f.trainsaction.TransactionFilter - Starting transaction with ID: d4f510b3-5b2c-4242-908d-69d228b85045
2024-10-04 14:02:34 [http-nio-8080-exec-1] INFO  c.d.f.t.RequestLoggingInterceptor - Transaction ID: d4f510b3-5b2c-4242-908d-69d228b85045 | Incoming request: GET /swagger-ui/index.html
2024-10-04 14:02:34 [http-nio-8080-exec-1] INFO  c.d.f.t.RequestLoggingInterceptor - Transaction ID: d4f510b3-5b2c-4242-908d-69d228b85045 | Response status: 200
2024-10-04 14:02:34 [http-nio-8080-exec-1] INFO  c.d.f.trainsaction.TransactionFilter - Transaction with ID: d4f510b3-5b2c-4242-908d-69d228b85045 completed.
2024-10-04 14:02:34 [http-nio-8080-exec-3] INFO  c.d.f.trainsaction.TransactionFilter - Starting transaction with ID: 18e83d31-aedd-4fb0-9f43-f186795ced12
2024-10-04 14:02:34 [http-nio-8080-exec-4] INFO  c.d.f.trainsaction.TransactionFilter - Starting transaction with ID: 63da3007-5555-4e8b-917d-a8fccf02e88d
2024-10-04 14:02:34 [http-nio-8080-exec-2] INFO  c.d.f.trainsaction.TransactionFilter - Starting transaction with ID: 7efdfe50-3739-46fe-a350-ee536dc64412
2024-10-04 14:02:34 [http-nio-8080-exec-2] INFO  c.d.f.t.RequestLoggingInterceptor - Transaction ID: 7efdfe50-3739-46fe-a350-ee536dc64412 | Incoming request: GET /swagger-ui/swagger-ui.css
2024-10-04 14:02:34 [http-nio-8080-exec-4] INFO  c.d.f.t.RequestLoggingInterceptor - Transaction ID: 63da3007-5555-4e8b-917d-a8fccf02e88d | Incoming request: GET /swagger-ui/swagger-ui-bundle.js
2024-10-04 14:02:34 [http-nio-8080-exec-3] INFO  c.d.f.t.RequestLoggingInterceptor - Transaction ID: 18e83d31-aedd-4fb0-9f43-f186795ced12 | Incoming request: GET /swagger-ui/index.css
2024-10-04 14:02:34 [http-nio-8080-exec-3] INFO  c.d.f.t.RequestLoggingInterceptor - Transaction ID: 18e83d31-aedd-4fb0-9f43-f186795ced12 | Response status: 200
2024-10-04 14:02:34 [http-nio-8080-exec-3] INFO  c.d.f.trainsaction.TransactionFilter - Transaction with ID: 18e83d31-aedd-4fb0-9f43-f186795ced12 completed.
2024-10-04 14:02:34 [http-nio-8080-exec-2] INFO  c.d.f.t.RequestLoggingInterceptor - Transaction ID: 7efdfe50-3739-46fe-a350-ee536dc64412 | Response status: 200
2024-10-04 14:02:34 [http-nio-8080-exec-2] INFO  c.d.f.trainsaction.TransactionFilter - Transaction with ID: 7efdfe50-3739-46fe-a350-ee536dc64412 completed.
2024-10-04 14:02:34 [http-nio-8080-exec-3] INFO  c.d.f.trainsaction.TransactionFilter - Starting transaction with ID: bcacda8d-f91d-400f-b337-a0d962f0caa8
2024-10-04 14:02:34 [http-nio-8080-exec-3] INFO  c.d.f.t.RequestLoggingInterceptor - Transaction ID: bcacda8d-f91d-400f-b337-a0d962f0caa8 | Incoming request: GET /swagger-ui/swagger-ui-standalone-preset.js
2024-10-04 14:02:34 [http-nio-8080-exec-5] INFO  c.d.f.trainsaction.TransactionFilter - Starting transaction with ID: c6d5909f-5d6e-459b-88d9-df440e7079e7
2024-10-04 14:02:34 [http-nio-8080-exec-5] INFO  c.d.f.t.RequestLoggingInterceptor - Transaction ID: c6d5909f-5d6e-459b-88d9-df440e7079e7 | Incoming request: GET /swagger-ui/swagger-initializer.js
2024-10-04 14:02:34 [http-nio-8080-exec-3] INFO  c.d.f.t.RequestLoggingInterceptor - Transaction ID: bcacda8d-f91d-400f-b337-a0d962f0caa8 | Response status: 200
2024-10-04 14:02:34 [http-nio-8080-exec-3] INFO  c.d.f.trainsaction.TransactionFilter - Transaction with ID: bcacda8d-f91d-400f-b337-a0d962f0caa8 completed.
2024-10-04 14:02:34 [http-nio-8080-exec-4] INFO  c.d.f.t.RequestLoggingInterceptor - Transaction ID: 63da3007-5555-4e8b-917d-a8fccf02e88d | Response status: 200
2024-10-04 14:02:34 [http-nio-8080-exec-4] INFO  c.d.f.trainsaction.TransactionFilter - Transaction with ID: 63da3007-5555-4e8b-917d-a8fccf02e88d completed.
2024-10-04 14:02:34 [http-nio-8080-exec-5] INFO  c.d.f.t.RequestLoggingInterceptor - Transaction ID: c6d5909f-5d6e-459b-88d9-df440e7079e7 | Response status: 200
2024-10-04 14:02:34 [http-nio-8080-exec-5] INFO  c.d.f.trainsaction.TransactionFilter - Transaction with ID: c6d5909f-5d6e-459b-88d9-df440e7079e7 completed.
2024-10-04 14:02:34 [http-nio-8080-exec-6] INFO  c.d.f.trainsaction.TransactionFilter - Starting transaction with ID: 46e6f89e-e5a0-4c51-9a22-e5ed396a8003
2024-10-04 14:02:34 [http-nio-8080-exec-6] INFO  c.d.f.t.RequestLoggingInterceptor - Transaction ID: 46e6f89e-e5a0-4c51-9a22-e5ed396a8003 | Incoming request: GET /v3/api-docs/swagger-config
2024-10-04 14:02:34 [http-nio-8080-exec-6] INFO  c.d.f.t.RequestLoggingInterceptor - Transaction ID: 46e6f89e-e5a0-4c51-9a22-e5ed396a8003 | Response status: 200
2024-10-04 14:02:34 [http-nio-8080-exec-6] INFO  c.d.f.trainsaction.TransactionFilter - Transaction with ID: 46e6f89e-e5a0-4c51-9a22-e5ed396a8003 completed.
2024-10-04 14:02:34 [http-nio-8080-exec-7] INFO  c.d.f.trainsaction.TransactionFilter - Starting transaction with ID: cf0cc508-83b9-42ca-9d93-0ae225b30c52
2024-10-04 14:02:34 [http-nio-8080-exec-7] INFO  c.d.f.t.RequestLoggingInterceptor - Transaction ID: cf0cc508-83b9-42ca-9d93-0ae225b30c52 | Incoming request: GET /v3/api-docs
2024-10-04 14:02:34 [http-nio-8080-exec-7] INFO  o.s.api.AbstractOpenApiResource - Init duration for springdoc-openapi is: 161 ms
2024-10-04 14:02:34 [http-nio-8080-exec-7] INFO  c.d.f.t.RequestLoggingInterceptor - Transaction ID: cf0cc508-83b9-42ca-9d93-0ae225b30c52 | Response status: 200
2024-10-04 14:02:34 [http-nio-8080-exec-7] INFO  c.d.f.trainsaction.TransactionFilter - Transaction with ID: cf0cc508-83b9-42ca-9d93-0ae225b30c52 completed.
2024-10-04 14:02:45 [http-nio-8080-exec-8] INFO  c.d.f.trainsaction.TransactionFilter - Starting transaction with ID: bdcbf18c-9783-4c13-bfae-dc6c85016e24
2024-10-04 14:02:45 [http-nio-8080-exec-8] INFO  c.d.f.t.RequestLoggingInterceptor - Transaction ID: bdcbf18c-9783-4c13-bfae-dc6c85016e24 | Incoming request: POST /api/trainees
2024-10-04 14:02:45 [http-nio-8080-exec-8] INFO  c.demo.folder.service.TraineeService - Creating new Trainee with first name: A
2024-10-04 14:02:45 [http-nio-8080-exec-8] INFO  c.demo.folder.service.TraineeService - Creating new Trainee with username: A.B-abfd2c27
2024-10-04 14:02:45 [http-nio-8080-exec-8] INFO  c.d.f.t.RequestLoggingInterceptor - Transaction ID: bdcbf18c-9783-4c13-bfae-dc6c85016e24 | Response status: 201
2024-10-04 14:02:45 [http-nio-8080-exec-8] INFO  c.d.f.trainsaction.TransactionFilter - Transaction with ID: bdcbf18c-9783-4c13-bfae-dc6c85016e24 completed.
2024-10-04 14:03:03 [http-nio-8080-exec-9] INFO  c.d.f.s.CustomUserDetailsService - LoadUserByUsername called with username: A.B-abfd2c27
2024-10-04 14:03:03 [http-nio-8080-exec-9] INFO  c.demo.folder.service.TrainerService - Finding Trainer by username: A.B-abfd2c27
2024-10-04 14:03:03 [http-nio-8080-exec-9] INFO  c.demo.folder.service.TrainerService - Trainer with username A.B-abfd2c27 not found.
2024-10-04 14:03:03 [http-nio-8080-exec-9] INFO  c.demo.folder.service.TraineeService - Finding Trainee by username: A.B-abfd2c27
2024-10-04 14:03:03 [http-nio-8080-exec-9] INFO  c.d.f.s.CustomUserDetailsService - Trainee found, returning UserDetails for trainee: A.B-abfd2c27
2024-10-04 14:03:18 [http-nio-8080-exec-10] INFO  c.d.f.trainsaction.TransactionFilter - Starting transaction with ID: d9cc47a4-a5cf-4da8-9e11-6324e86f37cf
2024-10-04 14:03:18 [http-nio-8080-exec-10] INFO  c.d.f.t.RequestLoggingInterceptor - Transaction ID: d9cc47a4-a5cf-4da8-9e11-6324e86f37cf | Incoming request: PUT /api/login/change-login
2024-10-04 14:03:18 [http-nio-8080-exec-10] INFO  com.demo.folder.service.UserService - Authenticating user with username: A.B-abfd2c27
2024-10-04 14:03:19 [http-nio-8080-exec-10] INFO  com.demo.folder.service.UserService - Authentication successful for username: A.B-abfd2c27
2024-10-04 14:03:19 [http-nio-8080-exec-10] INFO  com.demo.folder.service.UserService - Updating password for user: A.B-abfd2c27
2024-10-04 14:03:19 [http-nio-8080-exec-10] INFO  c.d.f.c.i.LoginController - Password updated for user: A.B-abfd2c27
2024-10-04 14:03:19 [http-nio-8080-exec-10] INFO  c.d.f.t.RequestLoggingInterceptor - Transaction ID: d9cc47a4-a5cf-4da8-9e11-6324e86f37cf | Response status: 200
2024-10-04 14:03:19 [http-nio-8080-exec-10] INFO  c.d.f.trainsaction.TransactionFilter - Transaction with ID: d9cc47a4-a5cf-4da8-9e11-6324e86f37cf completed.
2024-10-04 14:03:25 [http-nio-8080-exec-1] INFO  c.d.f.s.CustomUserDetailsService - LoadUserByUsername called with username: A.B-abfd2c27
2024-10-04 14:03:25 [http-nio-8080-exec-1] INFO  c.demo.folder.service.TrainerService - Finding Trainer by username: A.B-abfd2c27
2024-10-04 14:03:25 [http-nio-8080-exec-1] INFO  c.demo.folder.service.TrainerService - Trainer with username A.B-abfd2c27 not found.
2024-10-04 14:03:25 [http-nio-8080-exec-1] INFO  c.demo.folder.service.TraineeService - Finding Trainee by username: A.B-abfd2c27
2024-10-04 14:03:25 [http-nio-8080-exec-1] INFO  c.d.f.s.CustomUserDetailsService - Trainee found, returning UserDetails for trainee: A.B-abfd2c27
2024-10-04 14:03:28 [http-nio-8080-exec-2] INFO  c.d.f.trainsaction.TransactionFilter - Starting transaction with ID: 0c94400b-94ed-47f7-b7b9-fbbfd3c35e76
2024-10-04 14:03:28 [http-nio-8080-exec-2] INFO  c.d.f.t.RequestLoggingInterceptor - Transaction ID: 0c94400b-94ed-47f7-b7b9-fbbfd3c35e76 | Incoming request: PUT /api/login/change-login
2024-10-04 14:03:28 [http-nio-8080-exec-2] INFO  com.demo.folder.service.UserService - Authenticating user with username: A.B-abfd2c27
2024-10-04 14:03:28 [http-nio-8080-exec-2] WARN  com.demo.folder.service.UserService - Authentication failed for username: A.B-abfd2c27
2024-10-04 14:03:28 [http-nio-8080-exec-2] WARN  c.d.f.c.i.LoginController - Invalid credentials for user: A.B-abfd2c27
2024-10-04 14:03:28 [http-nio-8080-exec-2] INFO  c.d.f.t.RequestLoggingInterceptor - Transaction ID: 0c94400b-94ed-47f7-b7b9-fbbfd3c35e76 | Response status: 401
2024-10-04 14:03:28 [http-nio-8080-exec-2] INFO  c.d.f.trainsaction.TransactionFilter - Transaction with ID: 0c94400b-94ed-47f7-b7b9-fbbfd3c35e76 completed.
2024-10-04 14:03:35 [SpringApplicationShutdownHook] INFO  c.d.f.cleanup.CredentialFileCleanup - Deleted file: /Users/ilialataria/Desktop/task3_spring/gymcCRM/trainee_credentials.txt
2024-10-04 14:03:35 [SpringApplicationShutdownHook] WARN  c.d.f.cleanup.CredentialFileCleanup - File not found, cannot delete: /Users/ilialataria/Desktop/task3_spring/gymcCRM/trainer_credentials.txt
